<?xml version="1.0" encoding="utf-8"?>
<TestRun id="98f0fe40-c6cb-4117-8ece-b57e323f78e3" name="@Martins-MacBook-Air 2026-04-01 16:33:12" xmlns="http://microsoft.com/schemas/VisualStudio/TeamTest/2010">
  <Times creation="2026-04-01T16:33:12.5175230+01:00" queuing="2026-04-01T16:33:12.5175230+01:00" start="2026-04-01T16:33:11.9807030+01:00" finish="2026-04-01T16:34:16.5347260+01:00" />
  <TestSettings name="default" id="aaecb793-297c-426b-bd69-382bb63ee46e">
    <Deployment runDeploymentRoot="_Martins-MacBook-Air_2026-04-01_16_33_12" />
  </TestSettings>
  <Results>
    <UnitTestResult executionId="d04770c4-740d-4232-9285-86c3186427b6" testId="395dbf32-8f36-1f4f-5e00-a6a9f11f5292" testName="DbProxy.Tests.Unit.QueryAnalyzerTests.Truncate_IsDangerous" computerName="Martins-MacBook-Air" duration="00:00:00.0017996" startTime="2026-04-01T16:33:12.5118000+01:00" endTime="2026-04-01T16:33:12.5135250+01:00" testType="13cdc9d9-ddb5-4fa4-a97d-d965ccfc6d4b" outcome="Passed" testListId="8c84fa94-04c1-424b-9868-57a2d4851a1d" relativeResultsDirectory="d04770c4-740d-4232-9285-86c3186427b6" />
    <UnitTestResult executionId="44615d40-b5af-4172-99ab-7b5fc900a35f" testId="a1775fc6-379a-d9b5-db9b-c5263afe9329" testName="DbProxy.Tests.Integration.MultiClientTests.NodeJs_CanConnectAndQuery" computerName="Martins-MacBook-Air" duration="00:00:03.2932691" startTime="2026-04-01T16:33:12.5341420+01:00" endTime="2026-04-01T16:33:22.1575200+01:00" testType="13cdc9d9-ddb5-4fa4-a97d-d965ccfc6d4b" outcome="Passed" testListId="8c84fa94-04c1-424b-9868-57a2d4851a1d" relativeResultsDirectory="44615d40-b5af-4172-99ab-7b5fc900a35f" />
    <UnitTestResult executionId="94363a35-c1e4-469d-82fe-2174926f0396" testId="5c2a79e5-5249-105c-309f-c93a83eb0adc" testName="DbProxy.Tests.Integration.DashboardSessionTests.Dashboard_EmptyState_ShowsForm" computerName="Martins-MacBook-Air" duration="00:00:00.0376181" startTime="2026-04-01T16:33:37.7608090+01:00" endTime="2026-04-01T16:33:42.6535180+01:00" testType="13cdc9d9-ddb5-4fa4-a97d-d965ccfc6d4b" outcome="Passed" testListId="8c84fa94-04c1-424b-9868-57a2d4851a1d" relativeResultsDirectory="94363a35-c1e4-469d-82fe-2174926f0396" />
    <UnitTestResult executionId="5ec1d355-db8a-4b10-8365-ae0d700d11cd" testId="265c948b-4da9-314f-e50f-9977ac8ed123" testName="DbProxy.Tests.Integration.ProxyIntegrationTests.Connect_WithInvalidToken_Fails" computerName="Martins-MacBook-Air" duration="00:00:00.0106597" startTime="2026-04-01T16:34:11.6435790+01:00" endTime="2026-04-01T16:34:14.0037730+01:00" testType="13cdc9d9-ddb5-4fa4-a97d-d965ccfc6d4b" outcome="Passed" testListId="8c84fa94-04c1-424b-9868-57a2d4851a1d" relativeResultsDirectory="5ec1d355-db8a-4b10-8365-ae0d700d11cd" />
    <UnitTestResult executionId="031adba5-2d85-4996-bca8-fb5bd041a5c9" testId="02f3fb50-858c-5cd4-84e0-9b4ac9c48759" testName="DbProxy.Tests.Unit.SettingsStoreTests.SaveApiKey_PersistsAndRetrieves" computerName="Martins-MacBook-Air" duration="00:00:00.0005488" startTime="2026-04-01T16:33:13.0459400+01:00" endTime="2026-04-01T16:33:13.0488210+01:00" testType="13cdc9d9-ddb5-4fa4-a97d-d965ccfc6d4b" outcome="Passed" testListId="8c84fa94-04c1-424b-9868-57a2d4851a1d" relativeResultsDirectory="031adba5-2d85-4996-bca8-fb5bd041a5c9" />
    <UnitTestResult executionId="f9bb6893-fe59-4fdf-ad5f-c15b0cea1ec6" testId="47026471-27e9-de2c-fb5a-8f8c253beab3" testName="DbProxy.Tests.Unit.SessionManagerTests.IncrementQueryCount_WithBudget_RejectsBeyondBudget" computerName="Martins-MacBook-Air" duration="00:00:00.0000572" startTime="2026-04-01T16:33:12.4609970+01:00" endTime="2026-04-01T16:33:12.4610380+01:00" testType="13cdc9d9-ddb5-4fa4-a97d-d965ccfc6d4b" outcome="Passed" testListId="8c84fa94-04c1-424b-9868-57a2d4851a1d" relativeResultsDirectory="f9bb6893-fe59-4fdf-ad5f-c15b0cea1ec6" />
    <UnitTestResult executionId="519d5228-e895-4cdf-92d4-280fd283170b" testId="ce6e8c9b-ec7f-3775-83d8-addc5b406c32" testName="DbProxy.Tests.Integration.McpIntegrationTests.McpEndpoint_RejectsNoAuth" computerName="Martins-MacBook-Air" duration="00:00:00.0369368" startTime="2026-04-01T16:33:23.5372030+01:00" endTime="2026-04-01T16:33:28.0548540+01:00" testType="13cdc9d9-ddb5-4fa4-a97d-d965ccfc6d4b" outcome="Passed" testListId="8c84fa94-04c1-424b-9868-57a2d4851a1d" relativeResultsDirectory="519d5228-e895-4cdf-92d4-280fd283170b" />
    <UnitTestResult executionId="03f0cce1-fa27-496e-8772-77537af1f7b0" testId="85129096-3093-00f7-a4e1-27d0a926d170" testName="DbProxy.Tests.Unit.QueryAnalyzerTests.Subquery_ExtractsInnerTable" computerName="Martins-MacBook-Air" duration="00:00:00.0003758" startTime="2026-04-01T16:33:12.5238130+01:00" endTime="2026-04-01T16:33:12.5238380+01:00" testType="13cdc9d9-ddb5-4fa4-a97d-d965ccfc6d4b" outcome="Passed" testListId="8c84fa94-04c1-424b-9868-57a2d4851a1d" relativeResultsDirectory="03f0cce1-fa27-496e-8772-77537af1f7b0" />
    <UnitTestResult executionId="5e9eb3a2-3fca-4728-be7e-665817b7c312" testId="a1a5865c-d9d1-5b40-190c-1d291d501597" testName="DbProxy.Tests.Integration.QueryGovernanceTests.NonReadOnly_InsertSucceeds" computerName="Martins-MacBook-Air" duration="00:00:00.0600559" startTime="2026-04-01T16:34:09.2082990+01:00" endTime="2026-04-01T16:34:11.5816320+01:00" testType="13cdc9d9-ddb5-4fa4-a97d-d965ccfc6d4b" outcome="Passed" testListId="8c84fa94-04c1-424b-9868-57a2d4851a1d" relativeResultsDirectory="5e9eb3a2-3fca-4728-be7e-665817b7c312" />
    <UnitTestResult executionId="9d3808fc-3720-487a-a777-719a8df5b99d" testId="db4f4887-60c5-dfdb-40b8-79486a58eac0" testName="DbProxy.Tests.Unit.ConfigPrecedenceTests.Defaults_AppliedWhenNoConfig" computerName="Martins-MacBook-Air" duration="00:00:00.0009290" startTime="2026-04-01T16:33:13.0247830+01:00" endTime="2026-04-01T16:33:13.0276770+01:00" testType="13cdc9d9-ddb5-4fa4-a97d-d965ccfc6d4b" outcome="Passed" testListId="8c84fa94-04c1-424b-9868-57a2d4851a1d" relativeResultsDirectory="9d3808fc-3720-487a-a777-719a8df5b99d" />
    <UnitTestResult executionId="9085e37e-04ea-4894-9dff-682190badd5b" testId="d5242f9f-06cd-18de-7bba-ac25de253153" testName="DbProxy.Tests.Unit.SessionManagerTests.IncrementQueryCount_WithBudget_DoesNotOvercount" computerName="Martins-MacBook-Air" duration="00:00:00.0022241" startTime="2026-04-01T16:33:12.4894080+01:00" endTime="2026-04-01T16:33:12.4897250+01:00" testType="13cdc9d9-ddb5-4fa4-a97d-d965ccfc6d4b" outcome="Passed" testListId="8c84fa94-04c1-424b-9868-57a2d4851a1d" relativeResultsDirectory="9085e37e-04ea-4894-9dff-682190badd5b" />
    <UnitTestResult executionId="c7536201-846f-4939-afb8-eabde51f6762" testId="d4428eae-485f-49ea-637a-7b190c90ecf2" testName="DbProxy.Tests.Integration.ProxyIntegrationTests.Query_WithoutPurposeComment_IsRejected" computerName="Martins-MacBook-Air" duration="00:00:00.0430342" startTime="2026-04-01T16:33:23.3055520+01:00" endTime="2026-04-01T16:33:27.7416230+01:00" testType="13cdc9d9-ddb5-4fa4-a97d-d965ccfc6d4b" outcome="Passed" testListId="8c84fa94-04c1-424b-9868-57a2d4851a1d" relativeResultsDirectory="c7536201-846f-4939-afb8-eabde51f6762" />
    <UnitTestResult executionId="e2c1ed0a-f14c-44df-bbe7-52d87fd7e605" testId="16b47d3b-de46-3eef-d70b-2bef2030e57a" testName="DbProxy.Tests.Unit.ExemptionTests.Transaction_Commands_AreExempt(sql: &quot;BEGIN&quot;, expectedReason: &quot;Transaction control&quot;)" computerName="Martins-MacBook-Air" duration="00:00:00.0000007" startTime="2026-04-01T16:33:12.5531310+01:00" endTime="2026-04-01T16:33:12.5531530+01:00" testType="13cdc9d9-ddb5-4fa4-a97d-d965ccfc6d4b" outcome="Passed" testListId="8c84fa94-04c1-424b-9868-57a2d4851a1d" relativeResultsDirectory="e2c1ed0a-f14c-44df-bbe7-52d87fd7e605" />
    <UnitTestResult executionId="e684c482-014c-432f-8203-81f1f85dee49" testId="6dab1b20-e808-c65a-eb47-859e0e0c79f9" testName="DbProxy.Tests.Integration.ProxyIntegrationTests.Connect_WithValidToken_CanRunQuery" computerName="Martins-MacBook-Air" duration="00:00:00.0479626" startTime="2026-04-01T16:34:14.0044960+01:00" endTime="2026-04-01T16:34:16.3406660+01:00" testType="13cdc9d9-ddb5-4fa4-a97d-d965ccfc6d4b" outcome="Passed" testListId="8c84fa94-04c1-424b-9868-57a2d4851a1d" relativeResultsDirectory="e684c482-014c-432f-8203-81f1f85dee49" />
    <UnitTestResult executionId="44a78ca1-fa33-44e7-9e39-cb70cafdaa57" testId="34cb5b0f-8151-e009-f8eb-e17d19731953" testName="DbProxy.Tests.Integration.McpIntegrationTests.McpEndpoint_RejectsInvalidToken" computerName="Martins-MacBook-Air" duration="00:00:00.0349417" startTime="2026-04-01T16:33:49.0101320+01:00" endTime="2026-04-01T16:33:51.5848010+01:00" testType="13cdc9d9-ddb5-4fa4-a97d-d965ccfc6d4b" outcome="Passed" testListId="8c84fa94-04c1-424b-9868-57a2d4851a1d" relativeResultsDirectory="44a78ca1-fa33-44e7-9e39-cb70cafdaa57" />
    <UnitTestResult executionId="8fed98b2-947d-4da6-848a-430b3600d03f" testId="5a3a7710-5198-ccd3-e736-cf621ae75439" testName="DbProxy.Tests.Unit.ExemptionTests.DeleteFromCatalog_NotExempt" computerName="Martins-MacBook-Air" duration="00:00:00.0000485" startTime="2026-04-01T16:33:12.5534990+01:00" endTime="2026-04-01T16:33:12.5535210+01:00" testType="13cdc9d9-ddb5-4fa4-a97d-d965ccfc6d4b" outcome="Passed" testListId="8c84fa94-04c1-424b-9868-57a2d4851a1d" relativeResultsDirectory="8fed98b2-947d-4da6-848a-430b3600d03f" />
    <UnitTestResult executionId="a203b252-c835-4909-924b-512bfcaa8b14" testId="39ec3671-9fab-175e-fcda-16e4c880b732" testName="DbProxy.Tests.Unit.QueryAnalyzerTests.DropTable_ExtractsTableName" computerName="Martins-MacBook-Air" duration="00:00:00.0000532" startTime="2026-04-01T16:33:12.5257200+01:00" endTime="2026-04-01T16:33:12.5257460+01:00" testType="13cdc9d9-ddb5-4fa4-a97d-d965ccfc6d4b" outcome="Passed" testListId="8c84fa94-04c1-424b-9868-57a2d4851a1d" relativeResultsDirectory="a203b252-c835-4909-924b-512bfcaa8b14" />
    <UnitTestResult executionId="ddd2d027-d0ec-426b-83da-67ed89181477" testId="0618a9e2-e5a8-52dc-6600-acea2ea7d2c1" testName="DbProxy.Tests.Unit.QueryAnalyzerTests.InvalidSql_ReturnsUnknown" computerName="Martins-MacBook-Air" duration="00:00:00.0005514" startTime="2026-04-01T16:33:12.5326030+01:00" endTime="2026-04-01T16:33:12.5329270+01:00" testType="13cdc9d9-ddb5-4fa4-a97d-d965ccfc6d4b" outcome="Passed" testListId="8c84fa94-04c1-424b-9868-57a2d4851a1d" relativeResultsDirectory="ddd2d027-d0ec-426b-83da-67ed89181477" />
    <UnitTestResult executionId="67552f42-0031-4bb2-9146-6206834b3190" testId="a8fa1039-d3be-9d56-bfaf-8ff10a9c1379" testName="DbProxy.Tests.Integration.McpIntegrationTests.DescribeTable_BlockedByAllowlist" computerName="Martins-MacBook-Air" duration="00:00:00.0207422" startTime="2026-04-01T16:33:56.8728150+01:00" endTime="2026-04-01T16:33:59.4288610+01:00" testType="13cdc9d9-ddb5-4fa4-a97d-d965ccfc6d4b" outcome="Passed" testListId="8c84fa94-04c1-424b-9868-57a2d4851a1d" relativeResultsDirectory="67552f42-0031-4bb2-9146-6206834b3190" />
    <UnitTestResult executionId="9a2711c2-16f0-4c59-aa78-ac8618bf2b95" testId="bef0e83a-e919-3208-1abf-f5188ca0556b" testName="DbProxy.Tests.Integration.QueryGovernanceTests.DangerousBlock_DeleteWithoutWhereRejected" computerName="Martins-MacBook-Air" duration="00:00:00.0531201" startTime="2026-04-01T16:33:22.8482630+01:00" endTime="2026-04-01T16:33:26.9325210+01:00" testType="13cdc9d9-ddb5-4fa4-a97d-d965ccfc6d4b" outcome="Passed" testListId="8c84fa94-04c1-424b-9868-57a2d4851a1d" relativeResultsDirectory="9a2711c2-16f0-4c59-aa78-ac8618bf2b95" />
    <UnitTestResult executionId="a4944a4a-2ed8-4ddf-a2e2-72186f346096" testId="196e0a1e-9cbc-f241-5f0d-adcc2d0a810e" testName="DbProxy.Tests.Integration.SchemaDiscoveryTests.GetSchema_RequiresApiKey" computerName="Martins-MacBook-Air" duration="00:00:00.0152630" startTime="2026-04-01T16:33:26.6185230+01:00" endTime="2026-04-01T16:33:31.0402380+01:00" testType="13cdc9d9-ddb5-4fa4-a97d-d965ccfc6d4b" outcome="Passed" testListId="8c84fa94-04c1-424b-9868-57a2d4851a1d" relativeResultsDirectory="a4944a4a-2ed8-4ddf-a2e2-72186f346096" />
    <UnitTestResult executionId="b39998d4-0614-4bb4-a086-82317664358d" testId="30c93dad-5d2f-f82c-2e11-cbc661db5a66" testName="DbProxy.Tests.Unit.ExemptionTests.CatalogSelectWithNamespace_IsExempt" computerName="Martins-MacBook-Air" duration="00:00:00.0002575" startTime="2026-04-01T16:33:12.5511720+01:00" endTime="2026-04-01T16:33:12.5511950+01:00" testType="13cdc9d9-ddb5-4fa4-a97d-d965ccfc6d4b" outcome="Passed" testListId="8c84fa94-04c1-424b-9868-57a2d4851a1d" relativeResultsDirectory="b39998d4-0614-4bb4-a086-82317664358d" />
    <UnitTestResult executionId="d9ccd793-89c3-450b-b746-ca466fff678c" testId="297907c5-3318-cf7d-8203-f9f6aa26d1c4" testName="DbProxy.Tests.Unit.SessionManagerTests.GetRemainingBudget_DecreasesCorrectly" computerName="Martins-MacBook-Air" duration="00:00:00.0042223" startTime="2026-04-01T16:33:12.4605150+01:00" endTime="2026-04-01T16:33:12.4605810+01:00" testType="13cdc9d9-ddb5-4fa4-a97d-d965ccfc6d4b" outcome="Passed" testListId="8c84fa94-04c1-424b-9868-57a2d4851a1d" relativeResultsDirectory="d9ccd793-89c3-450b-b746-ca466fff678c" />
    <UnitTestResult executionId="d180ff5a-8bfc-46a2-8482-a4ffef783f13" testId="1c79a43b-38cf-426c-ae8a-e40818537fbd" testName="DbProxy.Tests.Unit.SettingsStoreTests.ApplyApiKeyToConfig_OnlyWhenNoKeysExist" computerName="Martins-MacBook-Air" duration="00:00:00.0013154" startTime="2026-04-01T16:33:13.0420390+01:00" endTime="2026-04-01T16:33:13.0458520+01:00" testType="13cdc9d9-ddb5-4fa4-a97d-d965ccfc6d4b" outcome="Passed" testListId="8c84fa94-04c1-424b-9868-57a2d4851a1d" relativeResultsDirectory="d180ff5a-8bfc-46a2-8482-a4ffef783f13" />
    <UnitTestResult executionId="4749db86-9173-44b3-a4df-8eebc9383578" testId="9c15313d-c129-f186-a7e1-eefa65a782d3" testName="DbProxy.Tests.Integration.QueryGovernanceTests.DangerousBlock_DeleteWithWhereAllowed" computerName="Martins-MacBook-Air" duration="00:00:00.0393863" startTime="2026-04-01T16:33:42.5027540+01:00" endTime="2026-04-01T16:33:45.4827420+01:00" testType="13cdc9d9-ddb5-4fa4-a97d-d965ccfc6d4b" outcome="Passed" testListId="8c84fa94-04c1-424b-9868-57a2d4851a1d" relativeResultsDirectory="4749db86-9173-44b3-a4df-8eebc9383578" />
    <UnitTestResult executionId="1de1d95c-838c-4fb0-abdc-0677bdbd9530" testId="2575f5b9-f47d-7a1d-bbd6-4a7ecad803b2" testName="DbProxy.Tests.Integration.QueryGovernanceTests.GovernanceRejection_ConnectionSurvives" computerName="Martins-MacBook-Air" duration="00:00:00.0600919" startTime="2026-04-01T16:34:06.9648470+01:00" endTime="2026-04-01T16:34:09.2079350+01:00" testType="13cdc9d9-ddb5-4fa4-a97d-d965ccfc6d4b" outcome="Passed" testListId="8c84fa94-04c1-424b-9868-57a2d4851a1d" relativeResultsDirectory="1de1d95c-838c-4fb0-abdc-0677bdbd9530" />
    <UnitTestResult executionId="3753e2b6-d90d-48a4-a0d0-2847de2f75b9" testId="469b6f78-b9d8-0164-89dc-c8f79af3854e" testName="DbProxy.Tests.Unit.QueryAnalyzerTests.UpdateWithWhere_IsNotDangerous" computerName="Martins-MacBook-Air" duration="00:00:00.0000479" startTime="2026-04-01T16:33:12.5211580+01:00" endTime="2026-04-01T16:33:12.5211840+01:00" testType="13cdc9d9-ddb5-4fa4-a97d-d965ccfc6d4b" outcome="Passed" testListId="8c84fa94-04c1-424b-9868-57a2d4851a1d" relativeResultsDirectory="3753e2b6-d90d-48a4-a0d0-2847de2f75b9" />
    <UnitTestResult executionId="ebabd41a-e70b-4846-a869-6f6ebb7ec344" testId="0eb1a9c8-d237-5b99-6416-63ef1057a0ba" testName="DbProxy.Tests.Unit.ExemptionTests.SelectJoiningUserTableWithCatalog_NotExempt" computerName="Martins-MacBook-Air" duration="00:00:00.0001916" startTime="2026-04-01T16:33:12.5534170+01:00" endTime="2026-04-01T16:33:12.5534490+01:00" testType="13cdc9d9-ddb5-4fa4-a97d-d965ccfc6d4b" outcome="Passed" testListId="8c84fa94-04c1-424b-9868-57a2d4851a1d" relativeResultsDirectory="ebabd41a-e70b-4846-a869-6f6ebb7ec344" />
    <UnitTestResult executionId="1ab361e0-d35d-4448-88a9-7b637e88445c" testId="cd6cb428-49f2-d2be-4f00-9cd56bff3b03" testName="DbProxy.Tests.Integration.McpIntegrationTests.ListTables_RespectsAllowlist" computerName="Martins-MacBook-Air" duration="00:00:00.0289689" startTime="2026-04-01T16:33:51.5849670+01:00" endTime="2026-04-01T16:33:53.9958560+01:00" testType="13cdc9d9-ddb5-4fa4-a97d-d965ccfc6d4b" outcome="Passed" testListId="8c84fa94-04c1-424b-9868-57a2d4851a1d" relativeResultsDirectory="1ab361e0-d35d-4448-88a9-7b637e88445c" />
    <UnitTestResult executionId="920e29eb-74c2-4f47-aa87-22519b77d0d9" testId="cdfd71df-3d06-ccb1-3f9d-96a0ab048a13" testName="DbProxy.Tests.Integration.DashboardSessionTests.CreateSession_ReturnsCredentials" computerName="Martins-MacBook-Air" duration="00:00:00.0418179" startTime="2026-04-01T16:33:31.9001550+01:00" endTime="2026-04-01T16:33:37.7600560+01:00" testType="13cdc9d9-ddb5-4fa4-a97d-d965ccfc6d4b" outcome="Passed" testListId="8c84fa94-04c1-424b-9868-57a2d4851a1d" relativeResultsDirectory="920e29eb-74c2-4f47-aa87-22519b77d0d9" />
    <UnitTestResult executionId="6b4d8734-c741-4bab-9cd1-d1f3222c8df1" testId="7cab1c3f-8aec-82b1-f738-cad8dd182219" testName="DbProxy.Tests.Unit.ExemptionTests.Truncate_NotExempt" computerName="Martins-MacBook-Air" duration="00:00:00.0000610" startTime="2026-04-01T16:33:12.5510880+01:00" endTime="2026-04-01T16:33:12.5511140+01:00" testType="13cdc9d9-ddb5-4fa4-a97d-d965ccfc6d4b" outcome="Passed" testListId="8c84fa94-04c1-424b-9868-57a2d4851a1d" relativeResultsDirectory="6b4d8734-c741-4bab-9cd1-d1f3222c8df1" />
    <UnitTestResult executionId="9c82c20f-29de-40f8-939d-f9f8e218534f" testId="0efdc825-a9bc-aa56-63b1-df4a7bfe42d3" testName="DbProxy.Tests.Unit.QueryAnalyzerTests.ShowStatement_ClassifiedAsUtility" computerName="Martins-MacBook-Air" duration="00:00:00.0001475" startTime="2026-04-01T16:33:12.5281950+01:00" endTime="2026-04-01T16:33:12.5282570+01:00" testType="13cdc9d9-ddb5-4fa4-a97d-d965ccfc6d4b" outcome="Passed" testListId="8c84fa94-04c1-424b-9868-57a2d4851a1d" relativeResultsDirectory="9c82c20f-29de-40f8-939d-f9f8e218534f" />
    <UnitTestResult executionId="e34c410e-2bff-4e24-9c17-200d8d0d4b10" testId="b72b5316-7430-ac65-f6f9-1b72bfb109ea" testName="DbProxy.Tests.Unit.ExemptionTests.Set_Commands_AreExempt(sql: &quot;SET extra_float_digits = 3&quot;, expectedReason: &quot;Session command (SET)&quot;)" computerName="Martins-MacBook-Air" duration="00:00:00.0000013" startTime="2026-04-01T16:33:12.5509950+01:00" endTime="2026-04-01T16:33:12.5510220+01:00" testType="13cdc9d9-ddb5-4fa4-a97d-d965ccfc6d4b" outcome="Passed" testListId="8c84fa94-04c1-424b-9868-57a2d4851a1d" relativeResultsDirectory="e34c410e-2bff-4e24-9c17-200d8d0d4b10" />
    <UnitTestResult executionId="56b8f281-5f17-4db6-b10e-ed13eb3df4e2" testId="b85c43f4-a8b4-084a-4628-e817b2435fe0" testName="DbProxy.Tests.Integration.McpIntegrationTests.QueryDatabase_AllowlistBlocksUnauthorizedTable" computerName="Martins-MacBook-Air" duration="00:00:00.0593279" startTime="2026-04-01T16:33:33.0772340+01:00" endTime="2026-04-01T16:33:40.8224830+01:00" testType="13cdc9d9-ddb5-4fa4-a97d-d965ccfc6d4b" outcome="Passed" testListId="8c84fa94-04c1-424b-9868-57a2d4851a1d" relativeResultsDirectory="56b8f281-5f17-4db6-b10e-ed13eb3df4e2" />
    <UnitTestResult executionId="af4479b5-92e6-4be7-8bd9-493d467fe9c3" testId="b0c948ed-1d0f-d594-ec4a-bfc4bea42dc5" testName="DbProxy.Tests.Integration.DashboardSessionTests.CreateSession_TokenIsUsable" computerName="Martins-MacBook-Air" duration="00:00:00.0743089" startTime="2026-04-01T16:33:22.9273920+01:00" endTime="2026-04-01T16:33:27.1568670+01:00" testType="13cdc9d9-ddb5-4fa4-a97d-d965ccfc6d4b" outcome="Passed" testListId="8c84fa94-04c1-424b-9868-57a2d4851a1d" relativeResultsDirectory="af4479b5-92e6-4be7-8bd9-493d467fe9c3" />
    <UnitTestResult executionId="3eafbdf4-2eb1-43fb-866d-aaa68337c589" testId="08608fdf-0cad-22f9-7a42-5ad695c4ca0d" testName="DbProxy.Tests.Integration.UpstreamSslTests.UpstreamSsl_Prefer_WithNonSslServer_FallsBack" computerName="Martins-MacBook-Air" duration="00:00:05.7887889" startTime="2026-04-01T16:33:27.2819890+01:00" endTime="2026-04-01T16:33:37.0044770+01:00" testType="13cdc9d9-ddb5-4fa4-a97d-d965ccfc6d4b" outcome="Passed" testListId="8c84fa94-04c1-424b-9868-57a2d4851a1d" relativeResultsDirectory="3eafbdf4-2eb1-43fb-866d-aaa68337c589" />
    <UnitTestResult executionId="6a48ff6c-421f-4517-8bc2-411c79f9f607" testId="116dffe0-f7d7-1dbf-f90f-3071ef966729" testName="DbProxy.Tests.Unit.QueryAnalyzerTests.Select_ExtractsTableName" computerName="Martins-MacBook-Air" duration="00:00:00.0000422" startTime="2026-04-01T16:33:12.5339020+01:00" endTime="2026-04-01T16:33:12.5339420+01:00" testType="13cdc9d9-ddb5-4fa4-a97d-d965ccfc6d4b" outcome="Passed" testListId="8c84fa94-04c1-424b-9868-57a2d4851a1d" relativeResultsDirectory="6a48ff6c-421f-4517-8bc2-411c79f9f607" />
    <UnitTestResult executionId="ffc54227-6ff7-4259-9f4f-738c670f8175" testId="6cd0e270-dbe7-a1c0-d5a2-999d7347be45" testName="DbProxy.Tests.Integration.MultiClientTests.Psql_CanConnectAndQuery" computerName="Martins-MacBook-Air" duration="00:00:00.6758305" startTime="2026-04-01T16:33:46.7103370+01:00" endTime="2026-04-01T16:33:50.0946780+01:00" testType="13cdc9d9-ddb5-4fa4-a97d-d965ccfc6d4b" outcome="Passed" testListId="8c84fa94-04c1-424b-9868-57a2d4851a1d" relativeResultsDirectory="ffc54227-6ff7-4259-9f4f-738c670f8175" />
    <UnitTestResult executionId="5a5ac25a-7834-4406-91ac-efb7cc05c46c" testId="2126e90e-0f0f-92d8-3af9-7d952f39c1f2" testName="DbProxy.Tests.Integration.PostgresVersionMatrixTests.ConnectAndQuery_AcrossVersions(image: &quot;postgres:16&quot;)" computerName="Martins-MacBook-Air" duration="00:00:04.2951654" startTime="2026-04-01T16:33:19.7240880+01:00" endTime="2026-04-01T16:33:24.0176680+01:00" testType="13cdc9d9-ddb5-4fa4-a97d-d965ccfc6d4b" outcome="Passed" testListId="8c84fa94-04c1-424b-9868-57a2d4851a1d" relativeResultsDirectory="5a5ac25a-7834-4406-91ac-efb7cc05c46c" />
    <UnitTestResult executionId="29858e0e-1b2c-4dd2-8df5-20a3cd0f494e" testId="ab565305-21c9-1485-7315-3f7722d724ef" testName="DbProxy.Tests.Unit.QueryAnalyzerTests.CheckTableAllowlist_DisallowedTable_ReturnsTableName" computerName="Martins-MacBook-Air" duration="00:00:00.0037571" startTime="2026-04-01T16:33:12.5284360+01:00" endTime="2026-04-01T16:33:12.5319890+01:00" testType="13cdc9d9-ddb5-4fa4-a97d-d965ccfc6d4b" outcome="Passed" testListId="8c84fa94-04c1-424b-9868-57a2d4851a1d" relativeResultsDirectory="29858e0e-1b2c-4dd2-8df5-20a3cd0f494e" />
    <UnitTestResult executionId="91512c20-1137-4d81-95bb-4b4d88caec19" testId="0fc6e5ee-0354-9e18-e19b-da22a1facae5" testName="DbProxy.Tests.Integration.ScramAuthTests.Connect_ViaScramSha256_MultipleQueries" computerName="Martins-MacBook-Air" duration="00:00:00.0367738" startTime="2026-04-01T16:33:19.1685090+01:00" endTime="2026-04-01T16:33:23.3050460+01:00" testType="13cdc9d9-ddb5-4fa4-a97d-d965ccfc6d4b" outcome="Passed" testListId="8c84fa94-04c1-424b-9868-57a2d4851a1d" relativeResultsDirectory="91512c20-1137-4d81-95bb-4b4d88caec19" />
    <UnitTestResult executionId="b2f77411-7cf0-4afa-ba16-326126b6c62c" testId="7e363655-46f1-cf69-51db-2fe054d79eff" testName="DbProxy.Tests.Integration.McpIntegrationTests.ListTools_ReturnsFourTools" computerName="Martins-MacBook-Air" duration="00:00:00.0369101" startTime="2026-04-01T16:33:53.9960220+01:00" endTime="2026-04-01T16:33:56.8726290+01:00" testType="13cdc9d9-ddb5-4fa4-a97d-d965ccfc6d4b" outcome="Passed" testListId="8c84fa94-04c1-424b-9868-57a2d4851a1d" relativeResultsDirectory="b2f77411-7cf0-4afa-ba16-326126b6c62c" />
    <UnitTestResult executionId="9ed3756f-06bf-48dc-bf6e-21acc2dd2e01" testId="f260afb5-f5c5-ae2b-31a5-daa4590678bd" testName="DbProxy.Tests.Integration.McpIntegrationTests.ListTables_ReturnsSeededTables" computerName="Martins-MacBook-Air" duration="00:00:00.0382076" startTime="2026-04-01T16:33:40.8233690+01:00" endTime="2026-04-01T16:33:44.6907300+01:00" testType="13cdc9d9-ddb5-4fa4-a97d-d965ccfc6d4b" outcome="Passed" testListId="8c84fa94-04c1-424b-9868-57a2d4851a1d" relativeResultsDirectory="9ed3756f-06bf-48dc-bf6e-21acc2dd2e01" />
    <UnitTestResult executionId="e0b7804f-bb05-4606-ad4c-2919a8ab7dc0" testId="30c4be5c-bcc3-40bd-e455-7fdc864dd4b4" testName="DbProxy.Tests.Integration.McpIntegrationTests.QueryDatabase_ReturnsResults" computerName="Martins-MacBook-Air" duration="00:00:00.0879962" startTime="2026-04-01T16:33:19.2357940+01:00" endTime="2026-04-01T16:33:23.5360620+01:00" testType="13cdc9d9-ddb5-4fa4-a97d-d965ccfc6d4b" outcome="Passed" testListId="8c84fa94-04c1-424b-9868-57a2d4851a1d" relativeResultsDirectory="e0b7804f-bb05-4606-ad4c-2919a8ab7dc0" />
    <UnitTestResult executionId="2fe29728-6d91-4c1f-9211-70afe86b8d74" testId="eca69ef3-f8e6-e014-6b34-324caeb063c8" testName="DbProxy.Tests.Unit.QueryAnalyzerTests.CheckTableAllowlist_QueryUsesSchemaAllowlistDoesNot" computerName="Martins-MacBook-Air" duration="00:00:00.0000511" startTime="2026-04-01T16:33:12.5258050+01:00" endTime="2026-04-01T16:33:12.5258300+01:00" testType="13cdc9d9-ddb5-4fa4-a97d-d965ccfc6d4b" outcome="Passed" testListId="8c84fa94-04c1-424b-9868-57a2d4851a1d" relativeResultsDirectory="2fe29728-6d91-4c1f-9211-70afe86b8d74" />
    <UnitTestResult executionId="264333a5-7967-4e22-a7cc-97509cf06952" testId="c623a097-cbe5-1ac4-1d28-74bd67c0c723" testName="DbProxy.Tests.Integration.SchemaDiscoveryTests.GetAnnotations_NonexistentTable_ReturnsNulls" computerName="Martins-MacBook-Air" duration="00:00:00.0218393" startTime="2026-04-01T16:33:36.6150840+01:00" endTime="2026-04-01T16:33:41.9003330+01:00" testType="13cdc9d9-ddb5-4fa4-a97d-d965ccfc6d4b" outcome="Passed" testListId="8c84fa94-04c1-424b-9868-57a2d4851a1d" relativeResultsDirectory="264333a5-7967-4e22-a7cc-97509cf06952" />
    <UnitTestResult executionId="04962aee-5f5b-43f2-9473-db99e104624e" testId="3502b740-5c91-1f3e-20fe-13c483553007" testName="DbProxy.Tests.Integration.UpstreamSslTests.UpstreamSsl_VerifyCa_WithWrongCaCert_Fails" computerName="Martins-MacBook-Air" duration="00:00:00.9073059" startTime="2026-04-01T16:33:12.5547020+01:00" endTime="2026-04-01T16:33:18.9817330+01:00" testType="13cdc9d9-ddb5-4fa4-a97d-d965ccfc6d4b" outcome="Passed" testListId="8c84fa94-04c1-424b-9868-57a2d4851a1d" relativeResultsDirectory="04962aee-5f5b-43f2-9473-db99e104624e" />
    <UnitTestResult executionId="6b23d25b-98e8-4d95-8b23-114adcfd2fca" testId="04188ab7-329c-935c-b2df-6bb602bc09c9" testName="DbProxy.Tests.Unit.QueryAnalyzerTests.Begin_ClassifiedAsTransaction" computerName="Martins-MacBook-Air" duration="00:00:00.0011660" startTime="2026-04-01T16:33:12.5260320+01:00" endTime="2026-04-01T16:33:12.5269780+01:00" testType="13cdc9d9-ddb5-4fa4-a97d-d965ccfc6d4b" outcome="Passed" testListId="8c84fa94-04c1-424b-9868-57a2d4851a1d" relativeResultsDirectory="6b23d25b-98e8-4d95-8b23-114adcfd2fca" />
    <UnitTestResult executionId="369176a7-36d7-4736-ae9f-1fce7b250494" testId="7e371900-4b5a-e506-147d-22b0eb7d413b" testName="DbProxy.Tests.Integration.QueryGovernanceTests.DangerousOff_DeleteWithoutWhereAllowed" computerName="Martins-MacBook-Air" duration="00:00:00.0450057" startTime="2026-04-01T16:33:36.9392360+01:00" endTime="2026-04-01T16:33:42.5023920+01:00" testType="13cdc9d9-ddb5-4fa4-a97d-d965ccfc6d4b" outcome="Passed" testListId="8c84fa94-04c1-424b-9868-57a2d4851a1d" relativeResultsDirectory="369176a7-36d7-4736-ae9f-1fce7b250494" />
    <UnitTestResult executionId="d3c2fd58-7c2e-4259-8a63-b2629d78325c" testId="8e94ebb1-1be6-6805-ab71-2a2671b57177" testName="DbProxy.Tests.Unit.ExemptionTests.SelectFromUserTable_NotExempt" computerName="Martins-MacBook-Air" duration="00:00:00.0000374" startTime="2026-04-01T16:33:12.5545890+01:00" endTime="2026-04-01T16:33:12.5546120+01:00" testType="13cdc9d9-ddb5-4fa4-a97d-d965ccfc6d4b" outcome="Passed" testListId="8c84fa94-04c1-424b-9868-57a2d4851a1d" relativeResultsDirectory="d3c2fd58-7c2e-4259-8a63-b2629d78325c" />
    <UnitTestResult executionId="4cf953b6-12e8-44d8-9eb5-2ab207904434" testId="4ba9531f-f5ce-dc69-4616-3bea5ff2cae2" testName="DbProxy.Tests.Integration.QueryGovernanceTests.SessionsApi_ReturnsGovernanceFields" computerName="Martins-MacBook-Air" duration="00:00:00.0098162" startTime="2026-04-01T16:33:51.7375990+01:00" endTime="2026-04-01T16:33:54.0885240+01:00" testType="13cdc9d9-ddb5-4fa4-a97d-d965ccfc6d4b" outcome="Passed" testListId="8c84fa94-04c1-424b-9868-57a2d4851a1d" relativeResultsDirectory="4cf953b6-12e8-44d8-9eb5-2ab207904434" />
    <UnitTestResult executionId="eaa4dab6-d5ae-48f6-93f7-8f81e6180de1" testId="17e1332f-dcd2-4e97-3249-e7d5a3709254" testName="DbProxy.Tests.Unit.ExemptionTests.Transaction_Commands_AreExempt(sql: &quot;BEGIN TRANSACTION&quot;, expectedReason: &quot;Transaction control&quot;)" computerName="Martins-MacBook-Air" duration="00:00:00.0000013" startTime="2026-04-01T16:33:12.5529860+01:00" endTime="2026-04-01T16:33:12.5530380+01:00" testType="13cdc9d9-ddb5-4fa4-a97d-d965ccfc6d4b" outcome="Passed" testListId="8c84fa94-04c1-424b-9868-57a2d4851a1d" relativeResultsDirectory="eaa4dab6-d5ae-48f6-93f7-8f81e6180de1" />
    <UnitTestResult executionId="3eaf2d3d-3251-4a7b-b1d9-5aa8e4732053" testId="5c63e3d7-e8c8-3eda-3096-fe19a6f5185e" testName="DbProxy.Tests.Integration.SchemaDiscoveryTests.GetAnnotations_ReturnsStoredData" computerName="Martins-MacBook-Air" duration="00:00:00.0466148" startTime="2026-04-01T16:33:31.0406120+01:00" endTime="2026-04-01T16:33:36.6147540+01:00" testType="13cdc9d9-ddb5-4fa4-a97d-d965ccfc6d4b" outcome="Passed" testListId="8c84fa94-04c1-424b-9868-57a2d4851a1d" relativeResultsDirectory="3eaf2d3d-3251-4a7b-b1d9-5aa8e4732053" />
    <UnitTestResult executionId="42ee7f1a-00ad-43fe-b3f2-e6460de9c97a" testId="b5818523-e2c8-267f-30ed-8b9c984b9615" testName="DbProxy.Tests.Integration.QueryGovernanceTests.ReadOnly_InsertRejected" computerName="Martins-MacBook-Air" duration="00:00:00.0486126" startTime="2026-04-01T16:33:59.3766860+01:00" endTime="2026-04-01T16:34:02.3229080+01:00" testType="13cdc9d9-ddb5-4fa4-a97d-d965ccfc6d4b" outcome="Passed" testListId="8c84fa94-04c1-424b-9868-57a2d4851a1d" relativeResultsDirectory="42ee7f1a-00ad-43fe-b3f2-e6460de9c97a" />
    <UnitTestResult executionId="728e57e8-762a-4b69-b9e8-31488864bcec" testId="75c51ea4-62d2-20dd-9728-2ae6033c6e22" testName="DbProxy.Tests.Unit.ExemptionTests.Empty_Queries_AreExempt(sql: &quot;   &quot;)" computerName="Martins-MacBook-Air" duration="00:00:00.0000293" startTime="2026-04-01T16:33:12.5520070+01:00" endTime="2026-04-01T16:33:12.5520890+01:00" testType="13cdc9d9-ddb5-4fa4-a97d-d965ccfc6d4b" outcome="Passed" testListId="8c84fa94-04c1-424b-9868-57a2d4851a1d" relativeResultsDirectory="728e57e8-762a-4b69-b9e8-31488864bcec" />
    <UnitTestResult executionId="90708597-1f1c-4324-945f-49786c489f39" testId="cf0c26cb-8cda-a87e-0c85-e4ab1b881fea" testName="DbProxy.Tests.Integration.ProxyIntegrationTests.Connect_WithExpiredSession_Fails" computerName="Martins-MacBook-Air" duration="00:00:00.0253257" startTime="2026-04-01T16:34:09.3036350+01:00" endTime="2026-04-01T16:34:11.6434720+01:00" testType="13cdc9d9-ddb5-4fa4-a97d-d965ccfc6d4b" outcome="Passed" testListId="8c84fa94-04c1-424b-9868-57a2d4851a1d" relativeResultsDirectory="90708597-1f1c-4324-945f-49786c489f39" />
    <UnitTestResult executionId="8df6a105-ef8f-431c-82ac-82811be833cc" testId="3ad3da67-49bc-1d10-8e57-5d3396689b87" testName="DbProxy.Tests.Unit.QueryAnalyzerTests.SetStatement_ClassifiedAsUtility" computerName="Martins-MacBook-Air" duration="00:00:00.0019973" startTime="2026-04-01T16:33:12.5099120+01:00" endTime="2026-04-01T16:33:12.5116920+01:00" testType="13cdc9d9-ddb5-4fa4-a97d-d965ccfc6d4b" outcome="Passed" testListId="8c84fa94-04c1-424b-9868-57a2d4851a1d" relativeResultsDirectory="8df6a105-ef8f-431c-82ac-82811be833cc" />
    <UnitTestResult executionId="91ba2848-2c7d-48e5-9259-0df9cc7339d8" testId="1928d648-0720-bd32-f663-9f70eb84c86e" testName="DbProxy.Tests.Unit.QueryAnalyzerTests.Insert_ClassifiedAsWrite" computerName="Martins-MacBook-Air" duration="00:00:00.0037455" startTime="2026-04-01T16:33:12.5159460+01:00" endTime="2026-04-01T16:33:12.5194530+01:00" testType="13cdc9d9-ddb5-4fa4-a97d-d965ccfc6d4b" outcome="Passed" testListId="8c84fa94-04c1-424b-9868-57a2d4851a1d" relativeResultsDirectory="91ba2848-2c7d-48e5-9259-0df9cc7339d8" />
    <UnitTestResult executionId="0d541d80-7bef-49c5-a97f-375e3a030b86" testId="68cc978d-60a7-f03a-60fb-146b6c55db53" testName="DbProxy.Tests.Unit.QueryAnalyzerTests.Truncate_ClassifiedAsDdl" computerName="Martins-MacBook-Air" duration="00:00:00.0001373" startTime="2026-04-01T16:33:12.5136240+01:00" endTime="2026-04-01T16:33:12.5137090+01:00" testType="13cdc9d9-ddb5-4fa4-a97d-d965ccfc6d4b" outcome="Passed" testListId="8c84fa94-04c1-424b-9868-57a2d4851a1d" relativeResultsDirectory="0d541d80-7bef-49c5-a97f-375e3a030b86" />
    <UnitTestResult executionId="eff38bfd-4122-4182-b8cb-00f0def016d6" testId="cd3716f7-ad9f-ab52-0024-2105866a840a" testName="DbProxy.Tests.Unit.SettingsStoreTests.SetAndGet_RoundTrips" computerName="Martins-MacBook-Air" duration="00:00:00.0006516" startTime="2026-04-01T16:33:13.0200400+01:00" endTime="2026-04-01T16:33:13.0233960+01:00" testType="13cdc9d9-ddb5-4fa4-a97d-d965ccfc6d4b" outcome="Passed" testListId="8c84fa94-04c1-424b-9868-57a2d4851a1d" relativeResultsDirectory="eff38bfd-4122-4182-b8cb-00f0def016d6" />
    <UnitTestResult executionId="c9c12978-710b-488f-81bc-8cf7577a69c6" testId="febf7e26-a0df-8f03-4e5d-b81eebeb7cf2" testName="DbProxy.Tests.Unit.ExemptionTests.Set_Commands_AreExempt(sql: &quot;SET search_path TO public&quot;, expectedReason: &quot;Session command (SET)&quot;)" computerName="Martins-MacBook-Air" duration="00:00:00.0000326" startTime="2026-04-01T16:33:12.5503840+01:00" endTime="2026-04-01T16:33:12.5504130+01:00" testType="13cdc9d9-ddb5-4fa4-a97d-d965ccfc6d4b" outcome="Passed" testListId="8c84fa94-04c1-424b-9868-57a2d4851a1d" relativeResultsDirectory="c9c12978-710b-488f-81bc-8cf7577a69c6" />
    <UnitTestResult executionId="5fd39c05-b12a-4769-abd3-641409f16c5a" testId="1024ae73-6f00-17c4-3844-09793d6dff4c" testName="DbProxy.Tests.Integration.ProxyIntegrationTests.SqlCommentContext_ExtractedAndLogged" computerName="Martins-MacBook-Air" duration="00:00:02.0338699" startTime="2026-04-01T16:34:02.9956290+01:00" endTime="2026-04-01T16:34:07.1809300+01:00" testType="13cdc9d9-ddb5-4fa4-a97d-d965ccfc6d4b" outcome="Passed" testListId="8c84fa94-04c1-424b-9868-57a2d4851a1d" relativeResultsDirectory="5fd39c05-b12a-4769-abd3-641409f16c5a" />
    <UnitTestResult executionId="eaf33436-8bfa-4056-bdb4-040ea868d679" testId="c7e61a2e-4b94-ae11-ac79-9fefc9c62d11" testName="DbProxy.Tests.Integration.UpstreamSslTests.UpstreamSsl_Require_WithNonSslServer_Fails" computerName="Martins-MacBook-Air" duration="00:00:03.7261846" startTime="2026-04-01T16:33:37.0046150+01:00" endTime="2026-04-01T16:33:44.8644960+01:00" testType="13cdc9d9-ddb5-4fa4-a97d-d965ccfc6d4b" outcome="Passed" testListId="8c84fa94-04c1-424b-9868-57a2d4851a1d" relativeResultsDirectory="eaf33436-8bfa-4056-bdb4-040ea868d679" />
    <UnitTestResult executionId="b3ee3465-c65f-4aba-bfaa-bcd364509ad8" testId="940a2361-242f-98a0-d394-2ec03d69f991" testName="DbProxy.Tests.Integration.UpstreamSslTests.UpstreamSsl_VerifyCa_WithValidCaCert_Succeeds" computerName="Martins-MacBook-Air" duration="00:00:00.6379258" startTime="2026-04-01T16:33:18.9819630+01:00" endTime="2026-04-01T16:33:23.1691960+01:00" testType="13cdc9d9-ddb5-4fa4-a97d-d965ccfc6d4b" outcome="Passed" testListId="8c84fa94-04c1-424b-9868-57a2d4851a1d" relativeResultsDirectory="b3ee3465-c65f-4aba-bfaa-bcd364509ad8" />
    <UnitTestResult executionId="f82e3218-c124-4b46-a2e8-1de261e7a006" testId="5ee61e74-bc44-9d4f-a178-d4597d94df78" testName="DbProxy.Tests.Integration.ProxyIntegrationTests.CreateSession_ReturnsToken" computerName="Martins-MacBook-Air" duration="00:00:00.0101190" startTime="2026-04-01T16:34:07.1811550+01:00" endTime="2026-04-01T16:34:09.3033670+01:00" testType="13cdc9d9-ddb5-4fa4-a97d-d965ccfc6d4b" outcome="Passed" testListId="8c84fa94-04c1-424b-9868-57a2d4851a1d" relativeResultsDirectory="f82e3218-c124-4b46-a2e8-1de261e7a006" />
    <UnitTestResult executionId="c0196466-c7e6-4953-969d-bb6e2806bf43" testId="d76696d3-4cd0-0a43-161e-2a872dc451ac" testName="DbProxy.Tests.Integration.QueryGovernanceTests.ReadOnly_SelectSucceeds" computerName="Martins-MacBook-Air" duration="00:00:00.0452618" startTime="2026-04-01T16:33:56.9998980+01:00" endTime="2026-04-01T16:33:59.3751880+01:00" testType="13cdc9d9-ddb5-4fa4-a97d-d965ccfc6d4b" outcome="Passed" testListId="8c84fa94-04c1-424b-9868-57a2d4851a1d" relativeResultsDirectory="c0196466-c7e6-4953-969d-bb6e2806bf43" />
    <UnitTestResult executionId="c00ce5e2-f4a0-431e-9874-b4e4982be04d" testId="844d00a7-15aa-c92a-edf2-26168873d27f" testName="DbProxy.Tests.Integration.QueryGovernanceTests.ReadOnly_SetAndBeginAllowed" computerName="Martins-MacBook-Air" duration="00:00:00.0637989" startTime="2026-04-01T16:34:04.6956540+01:00" endTime="2026-04-01T16:34:06.9645630+01:00" testType="13cdc9d9-ddb5-4fa4-a97d-d965ccfc6d4b" outcome="Passed" testListId="8c84fa94-04c1-424b-9868-57a2d4851a1d" relativeResultsDirectory="c00ce5e2-f4a0-431e-9874-b4e4982be04d" />
    <UnitTestResult executionId="eb83cbf3-31db-4fb6-8447-9cb0ce7f8177" testId="0ecb99da-b39e-da71-dd16-e48636d5b8e4" testName="DbProxy.Tests.Integration.QueryGovernanceTests.DangerousBlock_DropTableRejected" computerName="Martins-MacBook-Air" duration="00:00:00.0256211" startTime="2026-04-01T16:33:54.0888380+01:00" endTime="2026-04-01T16:33:56.9995700+01:00" testType="13cdc9d9-ddb5-4fa4-a97d-d965ccfc6d4b" outcome="Passed" testListId="8c84fa94-04c1-424b-9868-57a2d4851a1d" relativeResultsDirectory="eb83cbf3-31db-4fb6-8447-9cb0ce7f8177" />
    <UnitTestResult executionId="0e749021-bd41-4e22-b661-7d12e4b0a83f" testId="5ea3482a-13d0-67e1-5f1f-1c3cfa75af72" testName="DbProxy.Tests.Integration.MultiClientTests.Go_CanConnectAndQuery" computerName="Martins-MacBook-Air" duration="00:00:20.1825647" startTime="2026-04-01T16:33:22.1595400+01:00" endTime="2026-04-01T16:33:46.7101200+01:00" testType="13cdc9d9-ddb5-4fa4-a97d-d965ccfc6d4b" outcome="Passed" testListId="8c84fa94-04c1-424b-9868-57a2d4851a1d" relativeResultsDirectory="0e749021-bd41-4e22-b661-7d12e4b0a83f" />
    <UnitTestResult executionId="43ddafbe-60c9-476e-b64a-764e2320ed1b" testId="48e5c3ef-37a8-a3b0-f2af-1f9ecf4dfb4f" testName="DbProxy.Tests.Integration.McpIntegrationTests.DescribeTable_ReturnsColumns" computerName="Martins-MacBook-Air" duration="00:00:00.3306828" startTime="2026-04-01T16:33:12.4909960+01:00" endTime="2026-04-01T16:33:19.2352350+01:00" testType="13cdc9d9-ddb5-4fa4-a97d-d965ccfc6d4b" outcome="Passed" testListId="8c84fa94-04c1-424b-9868-57a2d4851a1d" relativeResultsDirectory="43ddafbe-60c9-476e-b64a-764e2320ed1b" />
    <UnitTestResult executionId="0e3b65e1-112c-43fb-899a-e5d789522a78" testId="cd1c7cc2-9dc6-d2fc-4a2d-9c3c501be42a" testName="DbProxy.Tests.Unit.QueryAnalyzerTests.Delete_ClassifiedAsWrite" computerName="Martins-MacBook-Air" duration="00:00:00.0708486" startTime="2026-04-01T16:33:12.4365070+01:00" endTime="2026-04-01T16:33:12.5095590+01:00" testType="13cdc9d9-ddb5-4fa4-a97d-d965ccfc6d4b" outcome="Passed" testListId="8c84fa94-04c1-424b-9868-57a2d4851a1d" relativeResultsDirectory="0e3b65e1-112c-43fb-899a-e5d789522a78" />
    <UnitTestResult executionId="0790c3dc-99e7-4a1a-8c73-4f1ccaca1b35" testId="0da3f099-31f9-c894-9b61-8ae334af9230" testName="DbProxy.Tests.Unit.QueryAnalyzerTests.Update_ExtractsTargetTable" computerName="Martins-MacBook-Air" duration="00:00:00.0003996" startTime="2026-04-01T16:33:12.5201860+01:00" endTime="2026-04-01T16:33:12.5205330+01:00" testType="13cdc9d9-ddb5-4fa4-a97d-d965ccfc6d4b" outcome="Passed" testListId="8c84fa94-04c1-424b-9868-57a2d4851a1d" relativeResultsDirectory="0790c3dc-99e7-4a1a-8c73-4f1ccaca1b35" />
    <UnitTestResult executionId="6a6b68ff-cbc3-4511-8b2d-6fbc701b4c3e" testId="7540ffa2-d222-3d0d-3d36-570bd4891d48" testName="DbProxy.Tests.Integration.ProxyIntegrationTests.SessionsList_ReturnsActiveSessions" computerName="Martins-MacBook-Air" duration="00:00:00.0151721" startTime="2026-04-01T16:33:51.5390030+01:00" endTime="2026-04-01T16:33:53.9359750+01:00" testType="13cdc9d9-ddb5-4fa4-a97d-d965ccfc6d4b" outcome="Passed" testListId="8c84fa94-04c1-424b-9868-57a2d4851a1d" relativeResultsDirectory="6a6b68ff-cbc3-4511-8b2d-6fbc701b4c3e" />
    <UnitTestResult executionId="909adbfe-f072-4804-bbda-d745a9742435" testId="6b48f72f-2e65-bc28-8154-dde7750ae92c" testName="DbProxy.Tests.Unit.QueryAnalyzerTests.Select_IsNotDangerous" computerName="Martins-MacBook-Air" duration="00:00:00.0000588" startTime="2026-04-01T16:33:12.5283300+01:00" endTime="2026-04-01T16:33:12.5283750+01:00" testType="13cdc9d9-ddb5-4fa4-a97d-d965ccfc6d4b" outcome="Passed" testListId="8c84fa94-04c1-424b-9868-57a2d4851a1d" relativeResultsDirectory="909adbfe-f072-4804-bbda-d745a9742435" />
    <UnitTestResult executionId="e6ef0d60-306e-4650-bcb4-fae588b616e8" testId="b7513c54-6219-054b-5848-0fa0dd61be92" testName="DbProxy.Tests.Unit.SessionManagerTests.IncrementQueryCount_WithBudget_AllowsUpToBudget" computerName="Martins-MacBook-Air" duration="00:00:00.0102816" startTime="2026-04-01T16:33:12.4365290+01:00" endTime="2026-04-01T16:33:12.4499300+01:00" testType="13cdc9d9-ddb5-4fa4-a97d-d965ccfc6d4b" outcome="Passed" testListId="8c84fa94-04c1-424b-9868-57a2d4851a1d" relativeResultsDirectory="e6ef0d60-306e-4650-bcb4-fae588b616e8" />
    <UnitTestResult executionId="2cd783b3-4dda-4afb-bf49-9d2d932f9901" testId="fa1bc8cc-0c01-b413-168e-8384dbc1f466" testName="DbProxy.Tests.Integration.McpIntegrationTests.GetSessionInfo_ReturnsBudgetAndPermissions" computerName="Martins-MacBook-Air" duration="00:00:00.0194990" startTime="2026-04-01T16:34:02.4119610+01:00" endTime="2026-04-01T16:34:04.7634990+01:00" testType="13cdc9d9-ddb5-4fa4-a97d-d965ccfc6d4b" outcome="Passed" testListId="8c84fa94-04c1-424b-9868-57a2d4851a1d" relativeResultsDirectory="2cd783b3-4dda-4afb-bf49-9d2d932f9901" />
    <UnitTestResult executionId="d0fdd11f-8cfb-41d6-ada9-dc083c928ad7" testId="def7801c-9f5f-af9f-f4b8-e012019d0647" testName="DbProxy.Tests.Integration.DashboardSessionTests.CreateSession_WithAllowedTables_ParsesCorrectly" computerName="Martins-MacBook-Air" duration="00:00:00.0929396" startTime="2026-04-01T16:33:19.7946070+01:00" endTime="2026-04-01T16:33:22.9271630+01:00" testType="13cdc9d9-ddb5-4fa4-a97d-d965ccfc6d4b" outcome="Passed" testListId="8c84fa94-04c1-424b-9868-57a2d4851a1d" relativeResultsDirectory="d0fdd11f-8cfb-41d6-ada9-dc083c928ad7" />
    <UnitTestResult executionId="f1accf29-1369-4484-b48a-735e4813c904" testId="d1e4c6bd-63ce-cd7f-2f30-f87c2453c85e" testName="DbProxy.Tests.Integration.McpIntegrationTests.QueryDatabase_BudgetExhaustion" computerName="Martins-MacBook-Air" duration="00:00:00.0316052" startTime="2026-04-01T16:33:59.4292280+01:00" endTime="2026-04-01T16:34:02.4113760+01:00" testType="13cdc9d9-ddb5-4fa4-a97d-d965ccfc6d4b" outcome="Passed" testListId="8c84fa94-04c1-424b-9868-57a2d4851a1d" relativeResultsDirectory="f1accf29-1369-4484-b48a-735e4813c904" />
    <UnitTestResult executionId="fa6b9028-17fa-4244-a650-01368a0cdb10" testId="76c11287-b7e2-b79d-029d-e97a8fd74cbf" testName="DbProxy.Tests.Unit.QueryAnalyzerTests.DeleteWithWhere_IsNotDangerous" computerName="Martins-MacBook-Air" duration="00:00:00.0001538" startTime="2026-04-01T16:33:12.5097970+01:00" endTime="2026-04-01T16:33:12.5098290+01:00" testType="13cdc9d9-ddb5-4fa4-a97d-d965ccfc6d4b" outcome="Passed" testListId="8c84fa94-04c1-424b-9868-57a2d4851a1d" relativeResultsDirectory="fa6b9028-17fa-4244-a650-01368a0cdb10" />
    <UnitTestResult executionId="6b83285b-5a40-4854-9f50-329a93ed6551" testId="ddd0b810-73aa-102a-1bb5-71db07536405" testName="DbProxy.Tests.Integration.PostgresVersionMatrixTests.ConnectAndQuery_AcrossVersions(image: &quot;postgres:14&quot;)" computerName="Martins-MacBook-Air" duration="00:00:04.8192745" startTime="2026-04-01T16:33:24.0180110+01:00" endTime="2026-04-01T16:33:28.8374470+01:00" testType="13cdc9d9-ddb5-4fa4-a97d-d965ccfc6d4b" outcome="Passed" testListId="8c84fa94-04c1-424b-9868-57a2d4851a1d" relativeResultsDirectory="6b83285b-5a40-4854-9f50-329a93ed6551" />
    <UnitTestResult executionId="650c83a7-f27b-46ef-bda2-7029f0f79d6a" testId="9257eee4-d027-cba8-5b89-217409a8f51d" testName="DbProxy.Tests.Integration.QueryGovernanceTests.DangerousWarn_DeleteWithoutWhereAllowed" computerName="Martins-MacBook-Air" duration="00:00:00.1091233" startTime="2026-04-01T16:33:45.4831300+01:00" endTime="2026-04-01T16:33:48.9192610+01:00" testType="13cdc9d9-ddb5-4fa4-a97d-d965ccfc6d4b" outcome="Passed" testListId="8c84fa94-04c1-424b-9868-57a2d4851a1d" relativeResultsDirectory="650c83a7-f27b-46ef-bda2-7029f0f79d6a" />
    <UnitTestResult executionId="024e94f3-978a-47d6-8f21-3d9308605b83" testId="9b111070-6ea0-7d1b-2eee-855b66a6dd2d" testName="DbProxy.Tests.Unit.SettingsStoreTests.SetAsync_OverwritesExistingValue" computerName="Martins-MacBook-Air" duration="00:00:00.0045563" startTime="2026-04-01T16:33:13.0235080+01:00" endTime="2026-04-01T16:33:13.0306370+01:00" testType="13cdc9d9-ddb5-4fa4-a97d-d965ccfc6d4b" outcome="Passed" testListId="8c84fa94-04c1-424b-9868-57a2d4851a1d" relativeResultsDirectory="024e94f3-978a-47d6-8f21-3d9308605b83" />
    <UnitTestResult executionId="096f266a-aef4-476a-8419-7e8f32384caf" testId="56e2dd7b-ddd3-de6d-6c1f-63d12e42de7c" testName="DbProxy.Tests.Unit.QueryAnalyzerTests.CteWithDelete_ClassifiedAsWrite" computerName="Martins-MacBook-Air" duration="00:00:00.0018015" startTime="2026-04-01T16:33:12.5239760+01:00" endTime="2026-04-01T16:33:12.5256370+01:00" testType="13cdc9d9-ddb5-4fa4-a97d-d965ccfc6d4b" outcome="Passed" testListId="8c84fa94-04c1-424b-9868-57a2d4851a1d" relativeResultsDirectory="096f266a-aef4-476a-8419-7e8f32384caf" />
    <UnitTestResult executionId="0200619b-cca3-4697-aa34-74297beda3eb" testId="284cdebb-f29e-860f-6ddd-7d9cbe41221a" testName="DbProxy.Tests.Integration.QueryGovernanceTests.DangerousBlock_TruncateRejected" computerName="Martins-MacBook-Air" duration="00:00:00.1211786" startTime="2026-04-01T16:33:12.4358080+01:00" endTime="2026-04-01T16:33:18.9200220+01:00" testType="13cdc9d9-ddb5-4fa4-a97d-d965ccfc6d4b" outcome="Passed" testListId="8c84fa94-04c1-424b-9868-57a2d4851a1d" relativeResultsDirectory="0200619b-cca3-4697-aa34-74297beda3eb" />
    <UnitTestResult executionId="2422cd24-84e2-4d4f-9b36-e9f20163e87c" testId="4f20ee61-c767-9f7c-cb58-756345ac7f42" testName="DbProxy.Tests.Unit.QueryAnalyzerTests.Join_ExtractsAllTables" computerName="Martins-MacBook-Air" duration="00:00:00.0014413" startTime="2026-04-01T16:33:12.5212490+01:00" endTime="2026-04-01T16:33:12.5223580+01:00" testType="13cdc9d9-ddb5-4fa4-a97d-d965ccfc6d4b" outcome="Passed" testListId="8c84fa94-04c1-424b-9868-57a2d4851a1d" relativeResultsDirectory="2422cd24-84e2-4d4f-9b36-e9f20163e87c" />
    <UnitTestResult executionId="ee199e0a-4efd-4f0d-b842-117873ad3842" testId="e2b5eb1c-7d0d-e8c5-0966-3642a4ec0c01" testName="DbProxy.Tests.Integration.ProxyIntegrationTests.Query_WithoutPurpose_ConnectionStaysAlive" computerName="Martins-MacBook-Air" duration="00:00:00.0878926" startTime="2026-04-01T16:33:27.7419670+01:00" endTime="2026-04-01T16:33:32.9106050+01:00" testType="13cdc9d9-ddb5-4fa4-a97d-d965ccfc6d4b" outcome="Passed" testListId="8c84fa94-04c1-424b-9868-57a2d4851a1d" relativeResultsDirectory="ee199e0a-4efd-4f0d-b842-117873ad3842" />
    <UnitTestResult executionId="d3dcdcea-712c-4c0b-83c9-043a219ef917" testId="e87ab21b-3a31-01d0-7816-18c1e16be6e6" testName="DbProxy.Tests.Unit.ExemptionTests.Transaction_Commands_AreExempt(sql: &quot;begin&quot;, expectedReason: &quot;Transaction control&quot;)" computerName="Martins-MacBook-Air" duration="00:00:00.0000541" startTime="2026-04-01T16:33:12.5526060+01:00" endTime="2026-04-01T16:33:12.5526310+01:00" testType="13cdc9d9-ddb5-4fa4-a97d-d965ccfc6d4b" outcome="Passed" testListId="8c84fa94-04c1-424b-9868-57a2d4851a1d" relativeResultsDirectory="d3dcdcea-712c-4c0b-83c9-043a219ef917" />
    <UnitTestResult executionId="d2c02ac6-dbff-4266-9abc-d98745516d2c" testId="c130b303-05dc-3759-14a6-9d50abd08aee" testName="DbProxy.Tests.Unit.ExemptionTests.InformationSchemaSelect_IsExempt" computerName="Martins-MacBook-Air" duration="00:00:00.0000502" startTime="2026-04-01T16:33:12.5533450+01:00" endTime="2026-04-01T16:33:12.5533670+01:00" testType="13cdc9d9-ddb5-4fa4-a97d-d965ccfc6d4b" outcome="Passed" testListId="8c84fa94-04c1-424b-9868-57a2d4851a1d" relativeResultsDirectory="d2c02ac6-dbff-4266-9abc-d98745516d2c" />
    <UnitTestResult executionId="8bf2d5b5-eaf6-4f49-bfb7-ef2e17ab110f" testId="a45d1483-ff4a-068b-80e0-29874a518102" testName="DbProxy.Tests.Unit.ExemptionTests.Discard_Commands_AreExempt(sql: &quot;DISCARD ALL&quot;, expectedReason: &quot;Session command (DISCARD)&quot;)" computerName="Martins-MacBook-Air" duration="00:00:00.0000748" startTime="2026-04-01T16:33:12.5502400+01:00" endTime="2026-04-01T16:33:12.5502700+01:00" testType="13cdc9d9-ddb5-4fa4-a97d-d965ccfc6d4b" outcome="Passed" testListId="8c84fa94-04c1-424b-9868-57a2d4851a1d" relativeResultsDirectory="8bf2d5b5-eaf6-4f49-bfb7-ef2e17ab110f" />
    <UnitTestResult executionId="204bfeae-a748-401a-a2d8-2bda1a1a992b" testId="fbe90d95-f174-acbc-81c4-707a24246f79" testName="DbProxy.Tests.Unit.QueryAnalyzerTests.UpdateWithoutWhere_IsDangerous" computerName="Martins-MacBook-Air" duration="00:00:00.0006063" startTime="2026-04-01T16:33:12.5198040+01:00" endTime="2026-04-01T16:33:12.5200720+01:00" testType="13cdc9d9-ddb5-4fa4-a97d-d965ccfc6d4b" outcome="Passed" testListId="8c84fa94-04c1-424b-9868-57a2d4851a1d" relativeResultsDirectory="204bfeae-a748-401a-a2d8-2bda1a1a992b" />
    <UnitTestResult executionId="c052305d-20b1-44d5-a35c-f0ae9724c216" testId="2ca4c0f2-38ed-b960-ce40-d852d469293e" testName="DbProxy.Tests.Integration.QueryGovernanceTests.ReadOnly_CreateTableRejected" computerName="Martins-MacBook-Air" duration="00:00:00.0268328" startTime="2026-04-01T16:34:02.3237350+01:00" endTime="2026-04-01T16:34:04.6945610+01:00" testType="13cdc9d9-ddb5-4fa4-a97d-d965ccfc6d4b" outcome="Passed" testListId="8c84fa94-04c1-424b-9868-57a2d4851a1d" relativeResultsDirectory="c052305d-20b1-44d5-a35c-f0ae9724c216" />
    <UnitTestResult executionId="7c84e57a-964c-400d-8a55-283a21b4719b" testId="6971f959-a1f4-1923-f203-3e9b2978f307" testName="DbProxy.Tests.Unit.QueryAnalyzerTests.Delete_ExtractsTargetTable" computerName="Martins-MacBook-Air" duration="00:00:00.0000552" startTime="2026-04-01T16:33:12.5321620+01:00" endTime="2026-04-01T16:33:12.5321860+01:00" testType="13cdc9d9-ddb5-4fa4-a97d-d965ccfc6d4b" outcome="Passed" testListId="8c84fa94-04c1-424b-9868-57a2d4851a1d" relativeResultsDirectory="7c84e57a-964c-400d-8a55-283a21b4719b" />
    <UnitTestResult executionId="eff56c8d-3d4a-49ab-bcc1-9b7440436167" testId="d90c2f97-faad-f6e8-90e0-ea3e5372e41e" testName="DbProxy.Tests.Integration.McpIntegrationTests.QueryDatabase_ReadOnlyBlocksWrite" computerName="Martins-MacBook-Air" duration="00:00:00.0427660" startTime="2026-04-01T16:33:44.6913420+01:00" endTime="2026-04-01T16:33:49.0098740+01:00" testType="13cdc9d9-ddb5-4fa4-a97d-d965ccfc6d4b" outcome="Passed" testListId="8c84fa94-04c1-424b-9868-57a2d4851a1d" relativeResultsDirectory="eff56c8d-3d4a-49ab-bcc1-9b7440436167" />
    <UnitTestResult executionId="11451bef-1fee-4fb9-8eee-66b6f8b143e4" testId="b6831561-fffd-604e-331b-10dae9cebcfc" testName="DbProxy.Tests.Unit.SessionManagerTests.IncrementQueryCount_NoBudget_AlwaysReturnsTrue" computerName="Martins-MacBook-Air" duration="00:00:00.0001473" startTime="2026-04-01T16:33:12.4900500+01:00" endTime="2026-04-01T16:33:12.4900920+01:00" testType="13cdc9d9-ddb5-4fa4-a97d-d965ccfc6d4b" outcome="Passed" testListId="8c84fa94-04c1-424b-9868-57a2d4851a1d" relativeResultsDirectory="11451bef-1fee-4fb9-8eee-66b6f8b143e4" />
    <UnitTestResult executionId="cd30002b-5cc1-44ad-9fd2-5f6a877636db" testId="a561b5f4-d9b6-70d3-3bc0-8545bc1abae0" testName="DbProxy.Tests.Integration.SchemaDiscoveryTests.PutAnnotations_ThenGetSchema_IncludesAnnotations" computerName="Martins-MacBook-Air" duration="00:00:00.1546211" startTime="2026-04-01T16:33:41.9009090+01:00" endTime="2026-04-01T16:33:46.5350810+01:00" testType="13cdc9d9-ddb5-4fa4-a97d-d965ccfc6d4b" outcome="Passed" testListId="8c84fa94-04c1-424b-9868-57a2d4851a1d" relativeResultsDirectory="cd30002b-5cc1-44ad-9fd2-5f6a877636db" />
    <UnitTestResult executionId="ed5091a6-4759-4270-86cb-e8f5801aed73" testId="ab7240ba-750d-8a4b-ba44-77ff65ed20da" testName="DbProxy.Tests.Unit.ExemptionTests.Set_Commands_AreExempt(sql: &quot;set client_encoding = 'UTF8'&quot;, expectedReason: &quot;Session command (SET)&quot;)" computerName="Martins-MacBook-Air" duration="00:00:00.0000541" startTime="2026-04-01T16:33:12.5504680+01:00" endTime="2026-04-01T16:33:12.5505130+01:00" testType="13cdc9d9-ddb5-4fa4-a97d-d965ccfc6d4b" outcome="Passed" testListId="8c84fa94-04c1-424b-9868-57a2d4851a1d" relativeResultsDirectory="ed5091a6-4759-4270-86cb-e8f5801aed73" />
    <UnitTestResult executionId="7b166b23-3a7d-4707-b0db-c4dadcd9f470" testId="d9e9d6b1-a83a-6f05-5797-a12d233030c2" testName="DbProxy.Tests.Unit.QueryAnalyzerTests.Update_ClassifiedAsWrite" computerName="Martins-MacBook-Air" duration="00:00:00.0000526" startTime="2026-04-01T16:33:12.5337700+01:00" endTime="2026-04-01T16:33:12.5338100+01:00" testType="13cdc9d9-ddb5-4fa4-a97d-d965ccfc6d4b" outcome="Passed" testListId="8c84fa94-04c1-424b-9868-57a2d4851a1d" relativeResultsDirectory="7b166b23-3a7d-4707-b0db-c4dadcd9f470" />
    <UnitTestResult executionId="23260339-fc9d-42ca-9f67-a8c154305a52" testId="a5a6900c-b706-43f7-b743-c4149cd41312" testName="DbProxy.Tests.Unit.ExemptionTests.SelectWithNoTables_NotExempt" computerName="Martins-MacBook-Air" duration="00:00:00.0006158" startTime="2026-04-01T16:33:12.5532700+01:00" endTime="2026-04-01T16:33:12.5532920+01:00" testType="13cdc9d9-ddb5-4fa4-a97d-d965ccfc6d4b" outcome="Passed" testListId="8c84fa94-04c1-424b-9868-57a2d4851a1d" relativeResultsDirectory="23260339-fc9d-42ca-9f67-a8c154305a52" />
    <UnitTestResult executionId="72e12190-22ac-465b-9644-4d1a0e7c0845" testId="a4e4a3af-f198-ea9e-cde6-d14c56ba2811" testName="DbProxy.Tests.Unit.QueryAnalyzerTests.CteWithDeleteWithoutWhere_IsDangerous" computerName="Martins-MacBook-Air" duration="00:00:00.0000757" startTime="2026-04-01T16:33:12.5320710+01:00" endTime="2026-04-01T16:33:12.5321000+01:00" testType="13cdc9d9-ddb5-4fa4-a97d-d965ccfc6d4b" outcome="Passed" testListId="8c84fa94-04c1-424b-9868-57a2d4851a1d" relativeResultsDirectory="72e12190-22ac-465b-9644-4d1a0e7c0845" />
    <UnitTestResult executionId="38b28997-e918-4f39-94c7-3c4176070b38" testId="a6cd5a45-e4e4-e4a2-c2d4-ba05627c4a4c" testName="DbProxy.Tests.Integration.ScramAuthTests.Connect_ViaScramSha256_CanRunQuery" computerName="Martins-MacBook-Air" duration="00:00:00.0573356" startTime="2026-04-01T16:33:13.0539500+01:00" endTime="2026-04-01T16:33:19.1680120+01:00" testType="13cdc9d9-ddb5-4fa4-a97d-d965ccfc6d4b" outcome="Passed" testListId="8c84fa94-04c1-424b-9868-57a2d4851a1d" relativeResultsDirectory="38b28997-e918-4f39-94c7-3c4176070b38" />
    <UnitTestResult executionId="c18905c7-d14b-426f-ba96-cfbd9c151f0c" testId="161cb72b-6b7f-ecef-9e11-4fd80c51c85a" testName="DbProxy.Tests.Unit.ExemptionTests.Transaction_Commands_AreExempt(sql: &quot;ROLLBACK&quot;, expectedReason: &quot;Transaction control&quot;)" computerName="Martins-MacBook-Air" duration="00:00:00.0000291" startTime="2026-04-01T16:33:12.5524680+01:00" endTime="2026-04-01T16:33:12.5525210+01:00" testType="13cdc9d9-ddb5-4fa4-a97d-d965ccfc6d4b" outcome="Passed" testListId="8c84fa94-04c1-424b-9868-57a2d4851a1d" relativeResultsDirectory="c18905c7-d14b-426f-ba96-cfbd9c151f0c" />
    <UnitTestResult executionId="34d768fa-948d-4f02-9604-3fa1c0e18543" testId="9824398d-796a-4ea0-471c-b2df85b68b1d" testName="DbProxy.Tests.Unit.SettingsStoreTests.HasUpstreamConfig_FalseByDefault" computerName="Martins-MacBook-Air" duration="00:00:00.0993940" startTime="2026-04-01T16:33:12.4365450+01:00" endTime="2026-04-01T16:33:13.0198850+01:00" testType="13cdc9d9-ddb5-4fa4-a97d-d965ccfc6d4b" outcome="Passed" testListId="8c84fa94-04c1-424b-9868-57a2d4851a1d" relativeResultsDirectory="34d768fa-948d-4f02-9604-3fa1c0e18543" />
    <UnitTestResult executionId="34c8168c-0ece-46a2-9cb8-bb01596cde4a" testId="f6fe5e97-669f-b365-4b7c-affba44acaea" testName="DbProxy.Tests.Integration.ProxyIntegrationTests.RowCount_LoggedCorrectly" computerName="Martins-MacBook-Air" duration="00:00:00.0472446" startTime="2026-04-01T16:33:48.8754590+01:00" endTime="2026-04-01T16:33:51.5385370+01:00" testType="13cdc9d9-ddb5-4fa4-a97d-d965ccfc6d4b" outcome="Passed" testListId="8c84fa94-04c1-424b-9868-57a2d4851a1d" relativeResultsDirectory="34c8168c-0ece-46a2-9cb8-bb01596cde4a" />
    <UnitTestResult executionId="7d434607-3fd8-41ee-95cb-b73859f6a305" testId="ca5da658-e42a-a42b-d874-24e70e2e5582" testName="DbProxy.Tests.Integration.ProxyIntegrationTests.CreateSession_ReturnsConnectionString" computerName="Martins-MacBook-Air" duration="00:00:00.0100353" startTime="2026-04-01T16:33:42.0457070+01:00" endTime="2026-04-01T16:33:44.9438400+01:00" testType="13cdc9d9-ddb5-4fa4-a97d-d965ccfc6d4b" outcome="Passed" testListId="8c84fa94-04c1-424b-9868-57a2d4851a1d" relativeResultsDirectory="7d434607-3fd8-41ee-95cb-b73859f6a305" />
    <UnitTestResult executionId="36733f46-9a09-4986-8145-f85517dba02a" testId="a7e5644d-afe1-aae7-51fb-a5641df90579" testName="DbProxy.Tests.Integration.QueryGovernanceTests.DangerousBlock_UpdateWithoutWhereRejected" computerName="Martins-MacBook-Air" duration="00:00:00.1239060" startTime="2026-04-01T16:33:26.9327370+01:00" endTime="2026-04-01T16:33:31.2365830+01:00" testType="13cdc9d9-ddb5-4fa4-a97d-d965ccfc6d4b" outcome="Passed" testListId="8c84fa94-04c1-424b-9868-57a2d4851a1d" relativeResultsDirectory="36733f46-9a09-4986-8145-f85517dba02a" />
    <UnitTestResult executionId="386d4655-2385-4c23-897c-60f48b6ad6f3" testId="7c5c2ab6-6ceb-13ab-470e-6bffd65a3c6a" testName="DbProxy.Tests.Unit.QueryAnalyzerTests.CheckTableAllowlist_SchemaQualifiedMatch" computerName="Martins-MacBook-Air" duration="00:00:00.0002572" startTime="2026-04-01T16:33:12.5206150+01:00" endTime="2026-04-01T16:33:12.5208880+01:00" testType="13cdc9d9-ddb5-4fa4-a97d-d965ccfc6d4b" outcome="Passed" testListId="8c84fa94-04c1-424b-9868-57a2d4851a1d" relativeResultsDirectory="386d4655-2385-4c23-897c-60f48b6ad6f3" />
    <UnitTestResult executionId="eb4d88d2-a9ee-49a1-b742-25ad57e51c68" testId="5ce0b096-da69-5b57-00ad-2c50f9e78d56" testName="DbProxy.Tests.Integration.ProxyIntegrationTests.Query_WithPurposeComment_Succeeds" computerName="Martins-MacBook-Air" duration="00:00:00.0863607" startTime="2026-04-01T16:33:44.9439950+01:00" endTime="2026-04-01T16:33:48.8744920+01:00" testType="13cdc9d9-ddb5-4fa4-a97d-d965ccfc6d4b" outcome="Passed" testListId="8c84fa94-04c1-424b-9868-57a2d4851a1d" relativeResultsDirectory="eb4d88d2-a9ee-49a1-b742-25ad57e51c68" />
    <UnitTestResult executionId="a3ddf46f-dd7a-4d64-9477-42bb14481c74" testId="60ac3bd9-76d8-b848-16f3-4a1562aae6cb" testName="DbProxy.Tests.Integration.QueryGovernanceTests.AllowedTables_AllowedTableSucceeds" computerName="Martins-MacBook-Air" duration="00:00:00.0982750" startTime="2026-04-01T16:34:11.5820160+01:00" endTime="2026-04-01T16:34:14.0801510+01:00" testType="13cdc9d9-ddb5-4fa4-a97d-d965ccfc6d4b" outcome="Passed" testListId="8c84fa94-04c1-424b-9868-57a2d4851a1d" relativeResultsDirectory="a3ddf46f-dd7a-4d64-9477-42bb14481c74" />
    <UnitTestResult executionId="8a38b731-e66d-4913-aa6a-9b09af5b31c2" testId="5c81e8ed-159a-2baf-8003-c55f46716a10" testName="DbProxy.Tests.Unit.QueryAnalyzerTests.CheckTableAllowlist_AllowedTable_ReturnsNull" computerName="Martins-MacBook-Air" duration="00:00:00.0000556" startTime="2026-04-01T16:33:12.5270530+01:00" endTime="2026-04-01T16:33:12.5271090+01:00" testType="13cdc9d9-ddb5-4fa4-a97d-d965ccfc6d4b" outcome="Passed" testListId="8c84fa94-04c1-424b-9868-57a2d4851a1d" relativeResultsDirectory="8a38b731-e66d-4913-aa6a-9b09af5b31c2" />
    <UnitTestResult executionId="88679aca-b5b4-44c2-9158-c52b22f2c26e" testId="7aee53b2-eb71-7000-b5c5-57b47e6cae45" testName="DbProxy.Tests.Unit.ExemptionTests.Discard_Commands_AreExempt(sql: &quot;discard temp&quot;, expectedReason: &quot;Session command (DISCARD)&quot;)" computerName="Martins-MacBook-Air" duration="00:00:00.0002287" startTime="2026-04-01T16:33:12.5498880+01:00" endTime="2026-04-01T16:33:12.5501220+01:00" testType="13cdc9d9-ddb5-4fa4-a97d-d965ccfc6d4b" outcome="Passed" testListId="8c84fa94-04c1-424b-9868-57a2d4851a1d" relativeResultsDirectory="88679aca-b5b4-44c2-9158-c52b22f2c26e" />
    <UnitTestResult executionId="9b09ed41-c3d0-45de-9932-95cee49f4a7a" testId="4036f804-5c90-3c09-1b07-94a918e3f1d1" testName="DbProxy.Tests.Integration.QueryGovernanceTests.AllowedTables_DisallowedTableRejected" computerName="Martins-MacBook-Air" duration="00:00:00.4945785" startTime="2026-04-01T16:33:31.2368440+01:00" endTime="2026-04-01T16:33:36.9384830+01:00" testType="13cdc9d9-ddb5-4fa4-a97d-d965ccfc6d4b" outcome="Passed" testListId="8c84fa94-04c1-424b-9868-57a2d4851a1d" relativeResultsDirectory="9b09ed41-c3d0-45de-9932-95cee49f4a7a" />
    <UnitTestResult executionId="4b056521-7b44-4c83-a131-65d7126c30b1" testId="1f874f4e-475f-4821-e872-48de026bd452" testName="DbProxy.Tests.Unit.ConfigPrecedenceTests.SqliteApiKey_OnlyAppliesWhenNoExistingKeys" computerName="Martins-MacBook-Air" duration="00:00:00.0013522" startTime="2026-04-01T16:33:13.0207890+01:00" endTime="2026-04-01T16:33:13.0243240+01:00" testType="13cdc9d9-ddb5-4fa4-a97d-d965ccfc6d4b" outcome="Passed" testListId="8c84fa94-04c1-424b-9868-57a2d4851a1d" relativeResultsDirectory="4b056521-7b44-4c83-a131-65d7126c30b1" />
    <UnitTestResult executionId="d8248a36-4e0b-4496-9d18-3122cf538536" testId="b6bffa17-3d3d-98d6-2af3-62ad4f9d315b" testName="DbProxy.Tests.Unit.ExemptionTests.SelectWithPgCatalogInComment_NotExempt" computerName="Martins-MacBook-Air" duration="00:00:00.0000445" startTime="2026-04-01T16:33:12.5544150+01:00" endTime="2026-04-01T16:33:12.5544450+01:00" testType="13cdc9d9-ddb5-4fa4-a97d-d965ccfc6d4b" outcome="Passed" testListId="8c84fa94-04c1-424b-9868-57a2d4851a1d" relativeResultsDirectory="d8248a36-4e0b-4496-9d18-3122cf538536" />
    <UnitTestResult executionId="b8899b5a-9edc-4905-afe2-ae8e1100456f" testId="0d354f0b-fe27-2d66-d3fd-287d99cf3083" testName="DbProxy.Tests.Unit.QueryAnalyzerTests.DropTable_IsDangerous" computerName="Martins-MacBook-Air" duration="00:00:00.0000532" startTime="2026-04-01T16:33:12.5259410+01:00" endTime="2026-04-01T16:33:12.5259690+01:00" testType="13cdc9d9-ddb5-4fa4-a97d-d965ccfc6d4b" outcome="Passed" testListId="8c84fa94-04c1-424b-9868-57a2d4851a1d" relativeResultsDirectory="b8899b5a-9edc-4905-afe2-ae8e1100456f" />
    <UnitTestResult executionId="37404caf-172b-440d-bae3-b301bf07a18c" testId="0d5822ce-b78a-f9d5-b8e3-13d1bf2ad1a2" testName="DbProxy.Tests.Integration.SchemaDiscoveryTests.GetSchema_ReturnsMarkdown" computerName="Martins-MacBook-Air" duration="00:00:00.0875999" startTime="2026-04-01T16:33:22.4614960+01:00" endTime="2026-04-01T16:33:26.6179380+01:00" testType="13cdc9d9-ddb5-4fa4-a97d-d965ccfc6d4b" outcome="Passed" testListId="8c84fa94-04c1-424b-9868-57a2d4851a1d" relativeResultsDirectory="37404caf-172b-440d-bae3-b301bf07a18c" />
    <UnitTestResult executionId="2352d397-ab59-41bb-8c83-bc9274485cd6" testId="380f0898-c477-589e-6b09-7c735270fa19" testName="DbProxy.Tests.Unit.QueryAnalyzerTests.Select_ClassifiedAsRead" computerName="Martins-MacBook-Air" duration="00:00:00.0000553" startTime="2026-04-01T16:33:12.5322760+01:00" endTime="2026-04-01T16:33:12.5324030+01:00" testType="13cdc9d9-ddb5-4fa4-a97d-d965ccfc6d4b" outcome="Passed" testListId="8c84fa94-04c1-424b-9868-57a2d4851a1d" relativeResultsDirectory="2352d397-ab59-41bb-8c83-bc9274485cd6" />
    <UnitTestResult executionId="e4613db0-4f72-4d85-87cf-73325f4403eb" testId="a8d98ea3-0d38-3adb-ce25-6b6363eaf5b4" testName="DbProxy.Tests.Unit.QueryAnalyzerTests.Insert_ExtractsTargetTable" computerName="Martins-MacBook-Air" duration="00:00:00.0000618" startTime="2026-04-01T16:33:12.5336820+01:00" endTime="2026-04-01T16:33:12.5337060+01:00" testType="13cdc9d9-ddb5-4fa4-a97d-d965ccfc6d4b" outcome="Passed" testListId="8c84fa94-04c1-424b-9868-57a2d4851a1d" relativeResultsDirectory="e4613db0-4f72-4d85-87cf-73325f4403eb" />
    <UnitTestResult executionId="847056fb-0007-452b-94ce-2071adfe9eca" testId="3221db38-c1dc-ce89-e3da-36a989ff8cad" testName="DbProxy.Tests.Unit.ConfigPrecedenceTests.FullPrecedence_ConfigJsonThenEnvThenSqlite" computerName="Martins-MacBook-Air" duration="00:00:00.2014098" startTime="2026-04-01T16:33:12.4365570+01:00" endTime="2026-04-01T16:33:13.0207150+01:00" testType="13cdc9d9-ddb5-4fa4-a97d-d965ccfc6d4b" outcome="Passed" testListId="8c84fa94-04c1-424b-9868-57a2d4851a1d" relativeResultsDirectory="847056fb-0007-452b-94ce-2071adfe9eca" />
    <UnitTestResult executionId="3226733b-2426-4050-a403-1a1c4eeabbca" testId="562f9787-8ae9-a005-9ea1-ac2d8fea6ee1" testName="DbProxy.Tests.Unit.ExemptionTests.Empty_Queries_AreExempt(sql: &quot;\n&quot;)" computerName="Martins-MacBook-Air" duration="00:00:00.0000733" startTime="2026-04-01T16:33:12.5521590+01:00" endTime="2026-04-01T16:33:12.5521870+01:00" testType="13cdc9d9-ddb5-4fa4-a97d-d965ccfc6d4b" outcome="Passed" testListId="8c84fa94-04c1-424b-9868-57a2d4851a1d" relativeResultsDirectory="3226733b-2426-4050-a403-1a1c4eeabbca" />
    <UnitTestResult executionId="3dc69eb8-8066-4ceb-ae17-fa63194353fb" testId="41f1a08c-26b8-8a03-5bb7-233c9fa5f0aa" testName="DbProxy.Tests.Unit.ExemptionTests.Empty_Queries_AreExempt(sql: &quot;&quot;)" computerName="Martins-MacBook-Air" duration="00:00:00.0000015" startTime="2026-04-01T16:33:12.5522340+01:00" endTime="2026-04-01T16:33:12.5522580+01:00" testType="13cdc9d9-ddb5-4fa4-a97d-d965ccfc6d4b" outcome="Passed" testListId="8c84fa94-04c1-424b-9868-57a2d4851a1d" relativeResultsDirectory="3dc69eb8-8066-4ceb-ae17-fa63194353fb" />
    <UnitTestResult executionId="103c96c2-e5c0-480c-be6e-597c88bbe102" testId="5876d1d5-7e29-0325-e475-e61f5985f59f" testName="DbProxy.Tests.Integration.UpstreamSslTests.UpstreamSsl_VerifyFull_WithValidCaCert_Succeeds" computerName="Martins-MacBook-Air" duration="00:00:00.5867639" startTime="2026-04-01T16:33:23.1694210+01:00" endTime="2026-04-01T16:33:27.2817630+01:00" testType="13cdc9d9-ddb5-4fa4-a97d-d965ccfc6d4b" outcome="Passed" testListId="8c84fa94-04c1-424b-9868-57a2d4851a1d" relativeResultsDirectory="103c96c2-e5c0-480c-be6e-597c88bbe102" />
    <UnitTestResult executionId="2e5a322f-0764-45c5-a9b1-3b438bb59892" testId="b44f4aee-4583-c8f5-5d6e-85593c9bb052" testName="DbProxy.Tests.Unit.QueryAnalyzerTests.Select_ExtractsSchemaQualifiedTable" computerName="Martins-MacBook-Air" duration="00:00:00.0000858" startTime="2026-04-01T16:33:12.5238980+01:00" endTime="2026-04-01T16:33:12.5239210+01:00" testType="13cdc9d9-ddb5-4fa4-a97d-d965ccfc6d4b" outcome="Passed" testListId="8c84fa94-04c1-424b-9868-57a2d4851a1d" relativeResultsDirectory="2e5a322f-0764-45c5-a9b1-3b438bb59892" />
    <UnitTestResult executionId="b5f10b0e-7765-41b4-8480-7730083be9bc" testId="1bfcd497-05e7-df29-1c82-9da34cafb4d5" testName="DbProxy.Tests.Unit.SettingsStoreTests.ApplyUpstreamToConfig_NoopWhenNoSettings" computerName="Martins-MacBook-Air" duration="00:00:00.0001640" startTime="2026-04-01T16:33:13.0307690+01:00" endTime="2026-04-01T16:33:13.0334340+01:00" testType="13cdc9d9-ddb5-4fa4-a97d-d965ccfc6d4b" outcome="Passed" testListId="8c84fa94-04c1-424b-9868-57a2d4851a1d" relativeResultsDirectory="b5f10b0e-7765-41b4-8480-7730083be9bc" />
    <UnitTestResult executionId="8dd33660-12d4-4f51-9613-abbe298f45bf" testId="82e06e07-b5cf-bfcd-7632-1336934727e3" testName="DbProxy.Tests.Integration.McpIntegrationTests.QueryDatabase_DangerousQueryBlocked" computerName="Martins-MacBook-Air" duration="00:00:00.0373804" startTime="2026-04-01T16:33:28.0562690+01:00" endTime="2026-04-01T16:33:33.0767990+01:00" testType="13cdc9d9-ddb5-4fa4-a97d-d965ccfc6d4b" outcome="Passed" testListId="8c84fa94-04c1-424b-9868-57a2d4851a1d" relativeResultsDirectory="8dd33660-12d4-4f51-9613-abbe298f45bf" />
    <UnitTestResult executionId="dd8f9b6e-dce0-493b-adf6-7b3f8da818d7" testId="83e668ad-23c2-e07a-9fcf-8f0a0ffae255" testName="DbProxy.Tests.Unit.ExemptionTests.ShowCommand_IsExempt" computerName="Martins-MacBook-Air" duration="00:00:00.0000272" startTime="2026-04-01T16:33:12.5523160+01:00" endTime="2026-04-01T16:33:12.5523390+01:00" testType="13cdc9d9-ddb5-4fa4-a97d-d965ccfc6d4b" outcome="Passed" testListId="8c84fa94-04c1-424b-9868-57a2d4851a1d" relativeResultsDirectory="dd8f9b6e-dce0-493b-adf6-7b3f8da818d7" />
    <UnitTestResult executionId="83be8fa6-6c01-4d62-ae2f-0914fb4f3779" testId="3d4ed437-a82d-cc14-5cd8-0ddcf8ea391d" testName="DbProxy.Tests.Integration.ProxyIntegrationTests.QueryBudget_EnforcedAfterLimit" computerName="Martins-MacBook-Air" duration="00:00:00.0573731" startTime="2026-04-01T16:34:00.5422300+01:00" endTime="2026-04-01T16:34:02.9941570+01:00" testType="13cdc9d9-ddb5-4fa4-a97d-d965ccfc6d4b" outcome="Passed" testListId="8c84fa94-04c1-424b-9868-57a2d4851a1d" relativeResultsDirectory="83be8fa6-6c01-4d62-ae2f-0914fb4f3779" />
    <UnitTestResult executionId="c98e2caf-8740-4a3f-9a47-ae04c8599e29" testId="e30e31be-51da-2c00-0732-01aca2d9636b" testName="DbProxy.Tests.Integration.PostgresVersionMatrixTests.ConnectAndQuery_AcrossVersions(image: &quot;postgres:15&quot;)" computerName="Martins-MacBook-Air" duration="00:00:06.6714598" startTime="2026-04-01T16:33:13.0499480+01:00" endTime="2026-04-01T16:33:19.7221670+01:00" testType="13cdc9d9-ddb5-4fa4-a97d-d965ccfc6d4b" outcome="Passed" testListId="8c84fa94-04c1-424b-9868-57a2d4851a1d" relativeResultsDirectory="c98e2caf-8740-4a3f-9a47-ae04c8599e29" />
    <UnitTestResult executionId="e9c5d9d6-d460-46fe-9fb8-73ef6df61ad0" testId="774b3913-2402-e2ab-0ab8-51346adc3cab" testName="DbProxy.Tests.Integration.GracefulShutdownTests.Shutdown_WithActiveConnection_WaitsAndExits" computerName="Martins-MacBook-Air" duration="00:00:00.6349078" startTime="2026-04-01T16:33:12.4365670+01:00" endTime="2026-04-01T16:33:18.8412440+01:00" testType="13cdc9d9-ddb5-4fa4-a97d-d965ccfc6d4b" outcome="Passed" testListId="8c84fa94-04c1-424b-9868-57a2d4851a1d" relativeResultsDirectory="e9c5d9d6-d460-46fe-9fb8-73ef6df61ad0" />
    <UnitTestResult executionId="357bf879-6965-4e37-85d7-44cde5d7e351" testId="6605d3bf-3cb4-49e4-391d-075745ddcfc7" testName="DbProxy.Tests.Integration.ProxyIntegrationTests.ApiKey_RequiredForAllEndpoints" computerName="Martins-MacBook-Air" duration="00:00:00.0248326" startTime="2026-04-01T16:33:53.9379440+01:00" endTime="2026-04-01T16:33:57.7997110+01:00" testType="13cdc9d9-ddb5-4fa4-a97d-d965ccfc6d4b" outcome="Passed" testListId="8c84fa94-04c1-424b-9868-57a2d4851a1d" relativeResultsDirectory="357bf879-6965-4e37-85d7-44cde5d7e351" />
    <UnitTestResult executionId="33e0e4b7-c083-4cd9-8328-437870b405ec" testId="7a642e5f-53ac-0244-5538-469e3015831d" testName="DbProxy.Tests.Unit.ExemptionTests.PureCatalogSelect_IsExempt" computerName="Martins-MacBook-Air" duration="00:00:00.0000558" startTime="2026-04-01T16:33:12.5539270+01:00" endTime="2026-04-01T16:33:12.5540000+01:00" testType="13cdc9d9-ddb5-4fa4-a97d-d965ccfc6d4b" outcome="Passed" testListId="8c84fa94-04c1-424b-9868-57a2d4851a1d" relativeResultsDirectory="33e0e4b7-c083-4cd9-8328-437870b405ec" />
    <UnitTestResult executionId="3e93a0aa-4942-42a1-a3c4-5d86605d1495" testId="05381750-a293-5e20-5a55-7c9207e584ba" testName="DbProxy.Tests.Integration.MultiClientTests.Python_CanConnectAndQuery" computerName="Martins-MacBook-Air" duration="00:00:03.6711434" startTime="2026-04-01T16:33:50.0960570+01:00" endTime="2026-04-01T16:33:56.1631770+01:00" testType="13cdc9d9-ddb5-4fa4-a97d-d965ccfc6d4b" outcome="Passed" testListId="8c84fa94-04c1-424b-9868-57a2d4851a1d" relativeResultsDirectory="3e93a0aa-4942-42a1-a3c4-5d86605d1495" />
    <UnitTestResult executionId="8294655b-d02b-4761-909d-54d7dc9cce94" testId="e9cece6f-3632-7411-e48a-33ef7404d928" testName="DbProxy.Tests.Integration.PostgresVersionMatrixTests.ConnectAndQuery_AcrossVersions(image: &quot;postgres:18&quot;)" computerName="Martins-MacBook-Air" duration="00:00:05.7458107" startTime="2026-04-01T16:33:28.8378270+01:00" endTime="2026-04-01T16:33:34.5840150+01:00" testType="13cdc9d9-ddb5-4fa4-a97d-d965ccfc6d4b" outcome="Passed" testListId="8c84fa94-04c1-424b-9868-57a2d4851a1d" relativeResultsDirectory="8294655b-d02b-4761-909d-54d7dc9cce94" />
    <UnitTestResult executionId="d6e260cb-01d6-4cec-9f57-90532688cae6" testId="54db3333-eb36-918a-23ee-1b1803e7db82" testName="DbProxy.Tests.Unit.SettingsStoreTests.SaveUpstreamConfig_AppliesAllFields" computerName="Martins-MacBook-Air" duration="00:00:00.0035883" startTime="2026-04-01T16:33:13.0361410+01:00" endTime="2026-04-01T16:33:13.0419430+01:00" testType="13cdc9d9-ddb5-4fa4-a97d-d965ccfc6d4b" outcome="Passed" testListId="8c84fa94-04c1-424b-9868-57a2d4851a1d" relativeResultsDirectory="d6e260cb-01d6-4cec-9f57-90532688cae6" />
    <UnitTestResult executionId="1484fb7a-6875-42fc-9f17-f2376f1a6008" testId="856452a0-c39d-a59b-c159-eaa860924143" testName="DbProxy.Tests.Integration.DashboardSessionTests.CreateSession_WithoutAuth_RedirectsToLogin" computerName="Martins-MacBook-Air" duration="00:00:00.0285538" startTime="2026-04-01T16:33:27.1572210+01:00" endTime="2026-04-01T16:33:31.8996980+01:00" testType="13cdc9d9-ddb5-4fa4-a97d-d965ccfc6d4b" outcome="Passed" testListId="8c84fa94-04c1-424b-9868-57a2d4851a1d" relativeResultsDirectory="1484fb7a-6875-42fc-9f17-f2376f1a6008" />
    <UnitTestResult executionId="71a5aae6-8f17-4d07-a06e-8425eeec1222" testId="62a6f5dd-734d-3c66-2f3b-e2e3e9e0d556" testName="DbProxy.Tests.Unit.ExemptionTests.Vacuum_NotExempt" computerName="Martins-MacBook-Air" duration="00:00:00.0004114" startTime="2026-04-01T16:33:12.5545100+01:00" endTime="2026-04-01T16:33:12.5545340+01:00" testType="13cdc9d9-ddb5-4fa4-a97d-d965ccfc6d4b" outcome="Passed" testListId="8c84fa94-04c1-424b-9868-57a2d4851a1d" relativeResultsDirectory="71a5aae6-8f17-4d07-a06e-8425eeec1222" />
    <UnitTestResult executionId="e7653003-04ae-4daa-a52e-e3c2928e465a" testId="ad678261-29a5-068c-cc84-81fe75a797ea" testName="DbProxy.Tests.Integration.QueryGovernanceTests.AllowedTables_NullAllowsEverything" computerName="Martins-MacBook-Air" duration="00:00:00.0890722" startTime="2026-04-01T16:33:18.9204490+01:00" endTime="2026-04-01T16:33:22.8480600+01:00" testType="13cdc9d9-ddb5-4fa4-a97d-d965ccfc6d4b" outcome="Passed" testListId="8c84fa94-04c1-424b-9868-57a2d4851a1d" relativeResultsDirectory="e7653003-04ae-4daa-a52e-e3c2928e465a" />
    <UnitTestResult executionId="c4bf3e62-64b5-49e1-bcb8-1009946da983" testId="13be6a5e-5e8b-ca2c-f269-c73210337a79" testName="DbProxy.Tests.Unit.ConfigPrecedenceTests.SqliteSettings_OverrideDefaults" computerName="Martins-MacBook-Air" duration="00:00:00.0027735" startTime="2026-04-01T16:33:13.0277810+01:00" endTime="2026-04-01T16:33:13.0327200+01:00" testType="13cdc9d9-ddb5-4fa4-a97d-d965ccfc6d4b" outcome="Passed" testListId="8c84fa94-04c1-424b-9868-57a2d4851a1d" relativeResultsDirectory="c4bf3e62-64b5-49e1-bcb8-1009946da983" />
    <UnitTestResult executionId="e50305be-a4fd-4374-91d9-fd4bca24d96d" testId="161c508e-2280-1498-6b85-a300a7a35058" testName="DbProxy.Tests.Unit.SettingsStoreTests.Get_MissingKey_ReturnsNull" computerName="Martins-MacBook-Air" duration="00:00:00.0000373" startTime="2026-04-01T16:33:13.0335430+01:00" endTime="2026-04-01T16:33:13.0360610+01:00" testType="13cdc9d9-ddb5-4fa4-a97d-d965ccfc6d4b" outcome="Passed" testListId="8c84fa94-04c1-424b-9868-57a2d4851a1d" relativeResultsDirectory="e50305be-a4fd-4374-91d9-fd4bca24d96d" />
    <UnitTestResult executionId="e0f404e0-1e40-441a-ba9a-6ce166461813" testId="861ecc5f-acae-0834-98cc-d3d3e56e863e" testName="DbProxy.Tests.Unit.QueryAnalyzerTests.ExplainSelect_ClassifiedAsRead" computerName="Martins-MacBook-Air" duration="00:00:00.0008810" startTime="2026-04-01T16:33:12.5275350+01:00" endTime="2026-04-01T16:33:12.5280690+01:00" testType="13cdc9d9-ddb5-4fa4-a97d-d965ccfc6d4b" outcome="Passed" testListId="8c84fa94-04c1-424b-9868-57a2d4851a1d" relativeResultsDirectory="e0f404e0-1e40-441a-ba9a-6ce166461813" />
    <UnitTestResult executionId="631d24f8-f48d-4acc-89e1-2a95d8fe3ac8" testId="8b28de4d-6024-ce2d-9237-b5745ce6ce01" testName="DbProxy.Tests.Unit.QueryAnalyzerTests.DeleteWithoutWhere_IsDangerous" computerName="Martins-MacBook-Air" duration="00:00:00.0000504" startTime="2026-04-01T16:33:12.5335800+01:00" endTime="2026-04-01T16:33:12.5336070+01:00" testType="13cdc9d9-ddb5-4fa4-a97d-d965ccfc6d4b" outcome="Passed" testListId="8c84fa94-04c1-424b-9868-57a2d4851a1d" relativeResultsDirectory="631d24f8-f48d-4acc-89e1-2a95d8fe3ac8" />
    <UnitTestResult executionId="cf0a3388-2d99-4784-836f-1ed3f2e65916" testId="527d601f-6581-40cc-fda4-0711104da45f" testName="DbProxy.Tests.Unit.ExemptionTests.InsertIntoCatalog_NotExempt" computerName="Martins-MacBook-Air" duration="00:00:00.0000419" startTime="2026-04-01T16:33:12.5536930+01:00" endTime="2026-04-01T16:33:12.5537570+01:00" testType="13cdc9d9-ddb5-4fa4-a97d-d965ccfc6d4b" outcome="Passed" testListId="8c84fa94-04c1-424b-9868-57a2d4851a1d" relativeResultsDirectory="cf0a3388-2d99-4784-836f-1ed3f2e65916" />
    <UnitTestResult executionId="7da9c4d4-3149-4225-b760-c707181ee48e" testId="b4bed8d8-4a15-3bc7-2cfe-6c37858a30b9" testName="DbProxy.Tests.Unit.ExemptionTests.Transaction_Commands_AreExempt(sql: &quot;COMMIT&quot;, expectedReason: &quot;Transaction control&quot;)" computerName="Martins-MacBook-Air" duration="00:00:00.0000008" startTime="2026-04-01T16:33:12.5531950+01:00" endTime="2026-04-01T16:33:12.5532180+01:00" testType="13cdc9d9-ddb5-4fa4-a97d-d965ccfc6d4b" outcome="Passed" testListId="8c84fa94-04c1-424b-9868-57a2d4851a1d" relativeResultsDirectory="7da9c4d4-3149-4225-b760-c707181ee48e" />
    <UnitTestResult executionId="40a08cd9-e2f6-4b68-851f-57c8b524ee02" testId="96a9ee80-b1ef-7bb8-a95b-54f3ddd107b9" testName="DbProxy.Tests.Integration.ProxyIntegrationTests.Query_WithPgCatalogInComment_StillRequiresPurpose" computerName="Martins-MacBook-Air" duration="00:00:00.1455734" startTime="2026-04-01T16:33:57.8015460+01:00" endTime="2026-04-01T16:34:00.5351170+01:00" testType="13cdc9d9-ddb5-4fa4-a97d-d965ccfc6d4b" outcome="Passed" testListId="8c84fa94-04c1-424b-9868-57a2d4851a1d" relativeResultsDirectory="40a08cd9-e2f6-4b68-851f-57c8b524ee02" />
    <UnitTestResult executionId="91f7b929-2a36-4a54-944b-afe4a0b6775c" testId="b207e350-0058-13e1-eeea-c23ac1a9ce5d" testName="DbProxy.Tests.Integration.DashboardSessionTests.CreateSessionForm_ReturnsFormHtml" computerName="Martins-MacBook-Air" duration="00:00:00.0468255" startTime="2026-04-01T16:33:13.0539740+01:00" endTime="2026-04-01T16:33:19.7943090+01:00" testType="13cdc9d9-ddb5-4fa4-a97d-d965ccfc6d4b" outcome="Passed" testListId="8c84fa94-04c1-424b-9868-57a2d4851a1d" relativeResultsDirectory="91f7b929-2a36-4a54-944b-afe4a0b6775c" />
    <UnitTestResult executionId="c70c2ca2-c297-496d-ad29-563b9c1d6514" testId="c876150f-1699-b737-f640-820f5d67d92c" testName="DbProxy.Tests.Unit.SessionManagerTests.IncrementQueryCount_UnknownSession_ReturnsFalse" computerName="Martins-MacBook-Air" duration="00:00:00.0002542" startTime="2026-04-01T16:33:12.4608730+01:00" endTime="2026-04-01T16:33:12.4609160+01:00" testType="13cdc9d9-ddb5-4fa4-a97d-d965ccfc6d4b" outcome="Passed" testListId="8c84fa94-04c1-424b-9868-57a2d4851a1d" relativeResultsDirectory="c70c2ca2-c297-496d-ad29-563b9c1d6514" />
[...]
info: Microsoft.EntityFrameworkCore.Database.Command[20101]
      Executed DbCommand (0ms) [Parameters=[], CommandType='Text', CommandTimeout='30']
      CREATE TABLE "QueryLogs" (
          "Id" INTEGER NOT NULL CONSTRAINT "PK_QueryLogs" PRIMARY KEY AUTOINCREMENT,
          "Timestamp" TEXT NOT NULL,
          "AgentId" TEXT NOT NULL,
          "SessionId" TEXT NOT NULL,
          "Task" TEXT NOT NULL,
          "Query" TEXT NOT NULL,
          "Context" TEXT NULL,
          "RowCount" INTEGER NULL,
          "DurationMs" INTEGER NOT NULL,
          "Success" INTEGER NOT NULL,
          "Error" TEXT NULL,
          "ExemptionReason" TEXT NULL
      );
info: Microsoft.EntityFrameworkCore.Database.Command[20101]
      Executed DbCommand (0ms) [Parameters=[], CommandType='Text', CommandTimeout='30']
      CREATE TABLE "SchemaAnnotations" (
          "TableName" TEXT NOT NULL CONSTRAINT "PK_SchemaAnnotations" PRIMARY KEY,
          "Description" TEXT NULL,
          "ExampleQueries" TEXT NULL,
          "Notes" TEXT NULL
      );
info: Microsoft.EntityFrameworkCore.Database.Command[20101]
      Executed DbCommand (0ms) [Parameters=[], CommandType='Text', CommandTimeout='30']
      CREATE TABLE "Sessions" (
          "SessionId" TEXT NOT NULL CONSTRAINT "PK_Sessions" PRIMARY KEY,
          "AgentId" TEXT NOT NULL,
          "Task" TEXT NOT NULL,
          "QueryBudget" INTEGER NULL,
          "QueriesUsed" INTEGER NOT NULL,
          "CreatedAt" TEXT NOT NULL,
          "ExpiresAt" TEXT NOT NULL,
          "LastActivityAt" TEXT NOT NULL,
          "IsConnected" INTEGER NOT NULL,
          "IsRevoked" INTEGER NOT NULL,
          "IsReadOnly" INTEGER NOT NULL,
          "DangerousQueryMode" TEXT NULL,
          "AllowedTablesJson" TEXT NULL
      );
info: Microsoft.EntityFrameworkCore.Database.Command[20101]
      Executed DbCommand (0ms) [Parameters=[], CommandType='Text', CommandTimeout='30']
      CREATE TABLE "Settings" (
          "Key" TEXT NOT NULL CONSTRAINT "PK_Settings" PRIMARY KEY,
          "Value" TEXT NOT NULL
      );
info: Microsoft.EntityFrameworkCore.Database.Command[20101]
      Executed DbCommand (0ms) [Parameters=[], CommandType='Text', CommandTimeout='30']
      CREATE INDEX "IX_QueryLogs_SessionId" ON "QueryLogs" ("SessionId");
info: Microsoft.EntityFrameworkCore.Database.Command[20101]
      Executed DbCommand (0ms) [Parameters=[], CommandType='Text', CommandTimeout='30']
      CREATE INDEX "IX_QueryLogs_Timestamp" ON "QueryLogs" ("Timestamp" DESC);
info: DbProxy.Protocol.PgProtocolHandler[0]
      PG proxy listening on 0.0.0.0:65482
info: Microsoft.Hosting.Lifetime[14]
      Now listening on: http://127.0.0.1:65483
info: Microsoft.Hosting.Lifetime[0]
      Application started. Press Ctrl+C to shut down.
info: Microsoft.Hosting.Lifetime[0]
      Hosting environment: Production
info: Microsoft.Hosting.Lifetime[0]
      Content root path: /Users/martinalderson/source/gatesql/tests/DbProxy.Tests/bin/Debug/net10.0
[testcontainers.org 00:00:57.60] Execute "pg_isready --host localhost --dbname postgres --username testuser" at Docker container 595bbe3fe461
[testcontainers.org 00:00:57.69] Docker container 595bbe3fe461 ready
info: Microsoft.EntityFrameworkCore.Database.Command[20101]
      Executed DbCommand (0ms) [Parameters=[], CommandType='Text', CommandTimeout='30']
      PRAGMA journal_mode = 'wal';
info: Microsoft.EntityFrameworkCore.Database.Command[20101]
      Executed DbCommand (0ms) [Parameters=[], CommandType='Text', CommandTimeout='30']
      CREATE TABLE "QueryLogs" (
          "Id" INTEGER NOT NULL CONSTRAINT "PK_QueryLogs" PRIMARY KEY AUTOINCREMENT,
          "Timestamp" TEXT NOT NULL,
          "AgentId" TEXT NOT NULL,
          "SessionId" TEXT NOT NULL,
          "Task" TEXT NOT NULL,
          "Query" TEXT NOT NULL,
          "Context" TEXT NULL,
          "RowCount" INTEGER NULL,
          "DurationMs" INTEGER NOT NULL,
          "Success" INTEGER NOT NULL,
          "Error" TEXT NULL,
          "ExemptionReason" TEXT NULL
      );
info: Microsoft.EntityFrameworkCore.Database.Command[20101]
      Executed DbCommand (0ms) [Parameters=[], CommandType='Text', CommandTimeout='30']
      CREATE TABLE "SchemaAnnotations" (
          "TableName" TEXT NOT NULL CONSTRAINT "PK_SchemaAnnotations" PRIMARY KEY,
          "Description" TEXT NULL,
          "ExampleQueries" TEXT NULL,
          "Notes" TEXT NULL
      );
info: Microsoft.EntityFrameworkCore.Database.Command[20101]
      Executed DbCommand (0ms) [Parameters=[], CommandType='Text', CommandTimeout='30']
      CREATE TABLE "Sessions" (
          "SessionId" TEXT NOT NULL CONSTRAINT "PK_Sessions" PRIMARY KEY,
          "AgentId" TEXT NOT NULL,
          "Task" TEXT NOT NULL,
          "QueryBudget" INTEGER NULL,
          "QueriesUsed" INTEGER NOT NULL,
          "CreatedAt" TEXT NOT NULL,
          "ExpiresAt" TEXT NOT NULL,
          "LastActivityAt" TEXT NOT NULL,
          "IsConnected" INTEGER NOT NULL,
          "IsRevoked" INTEGER NOT NULL,
          "IsReadOnly" INTEGER NOT NULL,
          "DangerousQueryMode" TEXT NULL,
          "AllowedTablesJson" TEXT NULL
      );
info: Microsoft.EntityFrameworkCore.Database.Command[20101]
      Executed DbCommand (0ms) [Parameters=[], CommandType='Text', CommandTimeout='30']
      CREATE TABLE "Settings" (
          "Key" TEXT NOT NULL CONSTRAINT "PK_Settings" PRIMARY KEY,
          "Value" TEXT NOT NULL
      );
info: Microsoft.EntityFrameworkCore.Database.Command[20101]
      Executed DbCommand (0ms) [Parameters=[], CommandType='Text', CommandTimeout='30']
      CREATE INDEX "IX_QueryLogs_SessionId" ON "QueryLogs" ("SessionId");
info: Microsoft.EntityFrameworkCore.Database.Command[20101]
      Executed DbCommand (0ms) [Parameters=[], CommandType='Text', CommandTimeout='30']
      CREATE INDEX "IX_QueryLogs_Timestamp" ON "QueryLogs" ("Timestamp" DESC);
info: DbProxy.Protocol.PgProtocolHandler[0]
      PG proxy listening on 0.0.0.0:65484
info: Microsoft.Hosting.Lifetime[14]
      Now listening on: http://127.0.0.1:65485
info: Microsoft.Hosting.Lifetime[0]
      Application started. Press Ctrl+C to shut down.
info: Microsoft.Hosting.Lifetime[0]
      Hosting environment: Production
info: Microsoft.Hosting.Lifetime[0]
      Content root path: /Users/martinalderson/source/gatesql/tests/DbProxy.Tests/bin/Debug/net10.0
info: DbProxy.Protocol.PgProtocolHandler[0]
      Startup from user=agent database=postgres
info: DbProxy.Protocol.PgProtocolHandler[0]
      Agent governance-test connected (session=sess_0fe1ddd27e614aada67294eb3bff5434, task=testing governance)
info: Microsoft.Hosting.Lifetime[0]
      Application is shutting down...
info: DbProxy.Protocol.PgProtocolHandler[0]
      Waiting for 1 active connections to close
[testcontainers.org 00:00:58.13] Delete Docker container b681a414c1f9
info: DbProxy.Protocol.PgProtocolHandler[0]
      Startup from user=agent database=postgres
info: DbProxy.Protocol.PgProtocolHandler[0]
      Startup from user=agent database=postgres
info: Microsoft.Hosting.Lifetime[0]
      Application is shutting down...
[testcontainers.org 00:00:58.27] Delete Docker container 595bbe3fe461
[testcontainers.org 00:00:58.73] Docker container df99ca9d8946 created
[testcontainers.org 00:00:58.74] Start Docker container df99ca9d8946
[testcontainers.org 00:00:58.75] Docker container f607fb4867a8 created
[testcontainers.org 00:00:58.76] Start Docker container f607fb4867a8
[testcontainers.org 00:00:58.85] Wait for Docker container df99ca9d8946 to complete readiness checks
[testcontainers.org 00:00:58.86] Execute "pg_isready --host localhost --dbname postgres --username testuser" at Docker container df99ca9d8946
[testcontainers.org 00:00:58.87] Wait for Docker container f607fb4867a8 to complete readiness checks
[testcontainers.org 00:00:58.88] Execute "pg_isready --host localhost --dbname postgres --username testuser" at Docker container f607fb4867a8
[testcontainers.org 00:00:59.94] Execute "pg_isready --host localhost --dbname postgres --username testuser" at Docker container f607fb4867a8
[testcontainers.org 00:00:59.94] Execute "pg_isready --host localhost --dbname postgres --username testuser" at Docker container df99ca9d8946
[testcontainers.org 00:01:00.05] Docker container df99ca9d8946 ready
[testcontainers.org 00:01:00.05] Docker container f607fb4867a8 ready
info: Microsoft.EntityFrameworkCore.Database.Command[20101]
      Executed DbCommand (2ms) [Parameters=[], CommandType='Text', CommandTimeout='30']
      PRAGMA journal_mode = 'wal';
info: Microsoft.EntityFrameworkCore.Database.Command[20101]
      Executed DbCommand (0ms) [Parameters=[], CommandType='Text', CommandTimeout='30']
      CREATE TABLE "QueryLogs" (
          "Id" INTEGER NOT NULL CONSTRAINT "PK_QueryLogs" PRIMARY KEY AUTOINCREMENT,
          "Timestamp" TEXT NOT NULL,
          "AgentId" TEXT NOT NULL,
          "SessionId" TEXT NOT NULL,
          "Task" TEXT NOT NULL,
          "Query" TEXT NOT NULL,
          "Context" TEXT NULL,
          "RowCount" INTEGER NULL,
          "DurationMs" INTEGER NOT NULL,
          "Success" INTEGER NOT NULL,
          "Error" TEXT NULL,
          "ExemptionReason" TEXT NULL
      );
info: Microsoft.EntityFrameworkCore.Database.Command[20101]
      Executed DbCommand (0ms) [Parameters=[], CommandType='Text', CommandTimeout='30']
      CREATE TABLE "SchemaAnnotations" (
          "TableName" TEXT NOT NULL CONSTRAINT "PK_SchemaAnnotations" PRIMARY KEY,
          "Description" TEXT NULL,
          "ExampleQueries" TEXT NULL,
          "Notes" TEXT NULL
      );
info: Microsoft.EntityFrameworkCore.Database.Command[20101]
      Executed DbCommand (0ms) [Parameters=[], CommandType='Text', CommandTimeout='30']
      CREATE TABLE "Sessions" (
          "SessionId" TEXT NOT NULL CONSTRAINT "PK_Sessions" PRIMARY KEY,
          "AgentId" TEXT NOT NULL,
          "Task" TEXT NOT NULL,
          "QueryBudget" INTEGER NULL,
          "QueriesUsed" INTEGER NOT NULL,
          "CreatedAt" TEXT NOT NULL,
          "ExpiresAt" TEXT NOT NULL,
          "LastActivityAt" TEXT NOT NULL,
          "IsConnected" INTEGER NOT NULL,
          "IsRevoked" INTEGER NOT NULL,
          "IsReadOnly" INTEGER NOT NULL,
          "DangerousQueryMode" TEXT NULL,
          "AllowedTablesJson" TEXT NULL
      );
info: Microsoft.EntityFrameworkCore.Database.Command[20101]
      Executed DbCommand (0ms) [Parameters=[], CommandType='Text', CommandTimeout='30']
      CREATE TABLE "Settings" (
          "Key" TEXT NOT NULL CONSTRAINT "PK_Settings" PRIMARY KEY,
          "Value" TEXT NOT NULL
      );
info: Microsoft.EntityFrameworkCore.Database.Command[20101]
      Executed DbCommand (0ms) [Parameters=[], CommandType='Text', CommandTimeout='30']
      CREATE INDEX "IX_QueryLogs_SessionId" ON "QueryLogs" ("SessionId");
info: Microsoft.EntityFrameworkCore.Database.Command[20101]
      Executed DbCommand (0ms) [Parameters=[], CommandType='Text', CommandTimeout='30']
      CREATE INDEX "IX_QueryLogs_Timestamp" ON "QueryLogs" ("Timestamp" DESC);
info: DbProxy.Protocol.PgProtocolHandler[0]
      PG proxy listening on 0.0.0.0:65496
info: Microsoft.Hosting.Lifetime[14]
      Now listening on: http://127.0.0.1:65497
info: Microsoft.Hosting.Lifetime[0]
      Application started. Press Ctrl+C to shut down.
info: Microsoft.Hosting.Lifetime[0]
      Hosting environment: Production
info: Microsoft.Hosting.Lifetime[0]
      Content root path: /Users/martinalderson/source/gatesql/tests/DbProxy.Tests/bin/Debug/net10.0
info: Microsoft.EntityFrameworkCore.Database.Command[20101]
      Executed DbCommand (0ms) [Parameters=[], CommandType='Text', CommandTimeout='30']
      PRAGMA journal_mode = 'wal';
info: Microsoft.EntityFrameworkCore.Database.Command[20101]
      Executed DbCommand (0ms) [Parameters=[], CommandType='Text', CommandTimeout='30']
      CREATE TABLE "QueryLogs" (
          "Id" INTEGER NOT NULL CONSTRAINT "PK_QueryLogs" PRIMARY KEY AUTOINCREMENT,
          "Timestamp" TEXT NOT NULL,
          "AgentId" TEXT NOT NULL,
          "SessionId" TEXT NOT NULL,
          "Task" TEXT NOT NULL,
          "Query" TEXT NOT NULL,
          "Context" TEXT NULL,
          "RowCount" INTEGER NULL,
          "DurationMs" INTEGER NOT NULL,
          "Success" INTEGER NOT NULL,
          "Error" TEXT NULL,
          "ExemptionReason" TEXT NULL
      );
info: Microsoft.EntityFrameworkCore.Database.Command[20101]
      Executed DbCommand (0ms) [Parameters=[], CommandType='Text', CommandTimeout='30']
      CREATE TABLE "SchemaAnnotations" (
          "TableName" TEXT NOT NULL CONSTRAINT "PK_SchemaAnnotations" PRIMARY KEY,
          "Description" TEXT NULL,
          "ExampleQueries" TEXT NULL,
          "Notes" TEXT NULL
      );
info: Microsoft.EntityFrameworkCore.Database.Command[20101]
      Executed DbCommand (0ms) [Parameters=[], CommandType='Text', CommandTimeout='30']
      CREATE TABLE "Sessions" (
          "SessionId" TEXT NOT NULL CONSTRAINT "PK_Sessions" PRIMARY KEY,
          "AgentId" TEXT NOT NULL,
          "Task" TEXT NOT NULL,
          "QueryBudget" INTEGER NULL,
          "QueriesUsed" INTEGER NOT NULL,
          "CreatedAt" TEXT NOT NULL,
          "ExpiresAt" TEXT NOT NULL,
          "LastActivityAt" TEXT NOT NULL,
          "IsConnected" INTEGER NOT NULL,
          "IsRevoked" INTEGER NOT NULL,
          "IsReadOnly" INTEGER NOT NULL,
          "DangerousQueryMode" TEXT NULL,
          "AllowedTablesJson" TEXT NULL
      );
info: Microsoft.EntityFrameworkCore.Database.Command[20101]
      Executed DbCommand (0ms) [Parameters=[], CommandType='Text', CommandTimeout='30']
      CREATE TABLE "Settings" (
          "Key" TEXT NOT NULL CONSTRAINT "PK_Settings" PRIMARY KEY,
          "Value" TEXT NOT NULL
      );
info: Microsoft.EntityFrameworkCore.Database.Command[20101]
      Executed DbCommand (0ms) [Parameters=[], CommandType='Text', CommandTimeout='30']
      CREATE INDEX "IX_QueryLogs_SessionId" ON "QueryLogs" ("SessionId");
info: Microsoft.EntityFrameworkCore.Database.Command[20101]
      Executed DbCommand (0ms) [Parameters=[], CommandType='Text', CommandTimeout='30']
      CREATE INDEX "IX_QueryLogs_Timestamp" ON "QueryLogs" ("Timestamp" DESC);
info: DbProxy.Protocol.PgProtocolHandler[0]
      PG proxy listening on 0.0.0.0:65498
info: Microsoft.Hosting.Lifetime[14]
      Now listening on: http://127.0.0.1:65499
info: Microsoft.Hosting.Lifetime[0]
      Application started. Press Ctrl+C to shut down.
info: Microsoft.Hosting.Lifetime[0]
      Hosting environment: Production
info: Microsoft.Hosting.Lifetime[0]
      Content root path: /Users/martinalderson/source/gatesql/tests/DbProxy.Tests/bin/Debug/net10.0
info: DbProxy.Protocol.PgProtocolHandler[0]
      Startup from user=agent database=postgres
info: DbProxy.Protocol.PgProtocolHandler[0]
      Startup from user=agent database=postgres
info: DbProxy.Protocol.PgProtocolHandler[0]
      Startup from user=agent database=postgres
info: Microsoft.Hosting.Lifetime[0]
      Application is shutting down...
info: DbProxy.Protocol.PgProtocolHandler[0]
      Agent governance-test connected (session=sess_dc691cf2272c466995c3c0f725981ee2, task=testing governance)
[testcontainers.org 00:01:00.67] Delete Docker container f607fb4867a8
info: DbProxy.Protocol.PgProtocolHandler[0]
      Startup from user=agent database=postgres
info: DbProxy.Protocol.PgProtocolHandler[0]
      Agent governance-test connected (session=sess_288ac73c5c9f43f29974ff4b1af31648, task=testing governance)
info: Microsoft.Hosting.Lifetime[0]
      Application is shutting down...
info: DbProxy.Protocol.PgProtocolHandler[0]
      Waiting for 2 active connections to close
[testcontainers.org 00:01:00.73] Delete Docker container df99ca9d8946
[testcontainers.org 00:01:01.04] Docker container 4787b46959ef created
[testcontainers.org 00:01:01.05] Start Docker container 4787b46959ef
[testcontainers.org 00:01:01.14] Wait for Docker container 4787b46959ef to complete readiness checks
[testcontainers.org 00:01:01.14] Execute "pg_isready --host localhost --dbname postgres --username testuser" at Docker container 4787b46959ef
[testcontainers.org 00:01:02.22] Execute "pg_isready --host localhost --dbname postgres --username testuser" at Docker container 4787b46959ef
[testcontainers.org 00:01:02.31] Docker container 4787b46959ef ready
info: Microsoft.EntityFrameworkCore.Database.Command[20101]
      Executed DbCommand (1ms) [Parameters=[], CommandType='Text', CommandTimeout='30']
      PRAGMA journal_mode = 'wal';
info: Microsoft.EntityFrameworkCore.Database.Command[20101]
      Executed DbCommand (0ms) [Parameters=[], CommandType='Text', CommandTimeout='30']
      CREATE TABLE "QueryLogs" (
          "Id" INTEGER NOT NULL CONSTRAINT "PK_QueryLogs" PRIMARY KEY AUTOINCREMENT,
          "Timestamp" TEXT NOT NULL,
          "AgentId" TEXT NOT NULL,
          "SessionId" TEXT NOT NULL,
          "Task" TEXT NOT NULL,
          "Query" TEXT NOT NULL,
          "Context" TEXT NULL,
          "RowCount" INTEGER NULL,
          "DurationMs" INTEGER NOT NULL,
          "Success" INTEGER NOT NULL,
          "Error" TEXT NULL,
          "ExemptionReason" TEXT NULL
      );
info: Microsoft.EntityFrameworkCore.Database.Command[20101]
      Executed DbCommand (0ms) [Parameters=[], CommandType='Text', CommandTimeout='30']
      CREATE TABLE "SchemaAnnotations" (
          "TableName" TEXT NOT NULL CONSTRAINT "PK_SchemaAnnotations" PRIMARY KEY,
          "Description" TEXT NULL,
          "ExampleQueries" TEXT NULL,
          "Notes" TEXT NULL
      );
info: Microsoft.EntityFrameworkCore.Database.Command[20101]
      Executed DbCommand (0ms) [Parameters=[], CommandType='Text', CommandTimeout='30']
      CREATE TABLE "Sessions" (
          "SessionId" TEXT NOT NULL CONSTRAINT "PK_Sessions" PRIMARY KEY,
          "AgentId" TEXT NOT NULL,
          "Task" TEXT NOT NULL,
          "QueryBudget" INTEGER NULL,
          "QueriesUsed" INTEGER NOT NULL,
          "CreatedAt" TEXT NOT NULL,
          "ExpiresAt" TEXT NOT NULL,
          "LastActivityAt" TEXT NOT NULL,
          "IsConnected" INTEGER NOT NULL,
          "IsRevoked" INTEGER NOT NULL,
          "IsReadOnly" INTEGER NOT NULL,
          "DangerousQueryMode" TEXT NULL,
          "AllowedTablesJson" TEXT NULL
      );
info: Microsoft.EntityFrameworkCore.Database.Command[20101]
      Executed DbCommand (0ms) [Parameters=[], CommandType='Text', CommandTimeout='30']
      CREATE TABLE "Settings" (
          "Key" TEXT NOT NULL CONSTRAINT "PK_Settings" PRIMARY KEY,
          "Value" TEXT NOT NULL
      );
info: Microsoft.EntityFrameworkCore.Database.Command[20101]
      Executed DbCommand (0ms) [Parameters=[], CommandType='Text', CommandTimeout='30']
      CREATE INDEX "IX_QueryLogs_SessionId" ON "QueryLogs" ("SessionId");
info: Microsoft.EntityFrameworkCore.Database.Command[20101]
      Executed DbCommand (0ms) [Parameters=[], CommandType='Text', CommandTimeout='30']
      CREATE INDEX "IX_QueryLogs_Timestamp" ON "QueryLogs" ("Timestamp" DESC);
info: DbProxy.Protocol.PgProtocolHandler[0]
      PG proxy listening on 0.0.0.0:65509
info: Microsoft.Hosting.Lifetime[14]
      Now listening on: http://127.0.0.1:65510
info: Microsoft.Hosting.Lifetime[0]
      Application started. Press Ctrl+C to shut down.
info: Microsoft.Hosting.Lifetime[0]
      Hosting environment: Production
info: Microsoft.Hosting.Lifetime[0]
      Content root path: /Users/martinalderson/source/gatesql/tests/DbProxy.Tests/bin/Debug/net10.0
info: DbProxy.Protocol.PgProtocolHandler[0]
      Startup from user=agent database=postgres
info: DbProxy.Protocol.PgProtocolHandler[0]
      Agent test-agent connected (session=sess_46eb39bc65d840fc9b223a4334ce582f, task=test-task)
info: Microsoft.Hosting.Lifetime[0]
      Application is shutting down...
[testcontainers.org 00:01:02.95] Delete Docker container 4787b46959ef
[xUnit.net 00:01:04.06]   Finished:    DbProxy.Tests
</StdOut>
    </Output>
  </ResultSummary>
</TestRun>